\BOOKMARK [0][-]{chapter*.5}{\376\377\000A\000b\000b\000i\000l\000d\000u\000n\000g\000s\000v\000e\000r\000z\000e\000i\000c\000h\000n\000i\000s}{}% 1
\BOOKMARK [0][-]{chapter.1}{\376\377\000D\000i\000e\000\040\000I\000d\000e\000e}{}% 2
\BOOKMARK [0][-]{chapter.2}{\376\377\000P\000r\000o\000j\000e\000k\000t\000z\000i\000e\000l\000e}{}% 3
\BOOKMARK [1][-]{section.2.1}{\376\377\000H\000a\000u\000p\000t\000z\000i\000e\000l\000e}{chapter.2}% 4
\BOOKMARK [1][-]{section.2.2}{\376\377\000O\000p\000t\000i\000o\000n\000a\000l\000e\000\040\000Z\000i\000e\000l\000e}{chapter.2}% 5
\BOOKMARK [1][-]{section.2.3}{\376\377\000N\000i\000c\000h\000t\000-\000Z\000i\000e\000l\000e}{chapter.2}% 6
\BOOKMARK [0][-]{chapter.3}{\376\377\000D\000a\000s\000\040\000T\000e\000a\000m}{}% 7
\BOOKMARK [0][-]{chapter.4}{\376\377\000D\000a\000t\000e\000n\000q\000u\000e\000l\000l\000e}{}% 8
\BOOKMARK [1][-]{section.4.1}{\376\377\000W\000o\000h\000e\000r\000\040\000d\000i\000e\000\040\000R\000e\000z\000e\000p\000t\000e\000?}{chapter.4}% 9
\BOOKMARK [1][-]{section.4.2}{\376\377\000R\000e\000z\000e\000p\000t\000d\000a\000t\000e\000n\000b\000a\000n\000k\000e\000n\000\040\000m\000i\000t\000\040\000A\000P\000I\000s\000\040\000i\000m\000\040\000V\000e\000r\000g\000l\000e\000i\000c\000h}{chapter.4}% 10
\BOOKMARK [2][-]{subsection.4.2.1}{\376\377\000E\000n\000t\000s\000c\000h\000e\000i\000d\000u\000n\000g}{section.4.2}% 11
\BOOKMARK [1][-]{section.4.3}{\376\377\000F\000a\000t\000S\000e\000c\000r\000e\000t\000\040\000S\000c\000h\000n\000i\000t\000t\000s\000t\000e\000l\000l\000e\000n}{chapter.4}% 12
\BOOKMARK [2][-]{subsection.4.3.1}{\376\377\000J\000a\000v\000a\000S\000c\000r\000i\000p\000t}{section.4.3}% 13
\BOOKMARK [2][-]{subsection.4.3.2}{\376\377\000R\000e\000s\000t\000\040\000A\000P\000I}{section.4.3}% 14
\BOOKMARK [0][-]{chapter.5}{\376\377\000A\000l\000g\000o\000r\000i\000t\000h\000m\000u\000s}{}% 15
\BOOKMARK [0][-]{chapter.6}{\376\377\000B\000a\000c\000k\000e\000n\000d}{}% 16
\BOOKMARK [1][-]{section.6.1}{\376\377\000D\000a\000t\000e\000n\000b\000a\000n\000k}{chapter.6}% 17
\BOOKMARK [2][-]{subsection.6.1.1}{\376\377\000A\000n\000f\000o\000r\000d\000e\000r\000u\000n\000g\000e\000n\000\040\000a\000n\000\040\000d\000i\000e\000\040\000i\000n\000t\000e\000r\000n\000e\000\040\000D\000a\000t\000e\000n\000b\000a\000n\000k}{section.6.1}% 18
\BOOKMARK [2][-]{subsection.6.1.2}{\376\377\000R\000e\000l\000a\000t\000i\000o\000n\000a\000l\000e\000\040\000u\000n\000d\000\040\000n\000i\000c\000h\000t\000-\000r\000e\000l\000a\000t\000i\000o\000n\000a\000l\000e\000\040\000D\000a\000t\000e\000n\000b\000a\000n\000k\000e\000n}{section.6.1}% 19
\BOOKMARK [2][-]{subsection.6.1.3}{\376\377\000O\000p\000e\000n\000\040\000S\000o\000u\000r\000c\000e\000\040\000D\000a\000t\000e\000n\000b\000a\000n\000k\000e\000n}{section.6.1}% 20
\BOOKMARK [2][-]{subsection.6.1.4}{\376\377\000E\000r\000s\000t\000e\000l\000l\000e\000n\000\040\000u\000n\000d\000\040\000V\000e\000r\000w\000a\000l\000t\000e\000n\000\040\000d\000e\000r\000\040\000D\000a\000t\000e\000n\000b\000a\000n\000k\000s\000t\000r\000u\000k\000t\000u\000r}{section.6.1}% 21
\BOOKMARK [0][-]{chapter.7}{\376\377\000F\000r\000o\000n\000t\000e\000n\000d\000f\000u\000n\000k\000t\000i\000o\000n\000a\000l\000i\000t\000\344\000t\000e\000n}{}% 22
\BOOKMARK [0][-]{chapter.8}{\376\377\000D\000e\000s\000i\000g\000n}{}% 23
\BOOKMARK [1][-]{section.8.1}{\376\377\000D\000e\000s\000i\000g\000n\000i\000d\000e\000e\000M\000a\000t\000e\000r\000i\000a\000l\000D\000e\000s\000i\000g\000n}{chapter.8}% 24
\BOOKMARK [1][-]{section.8.2}{\376\377\000F\000a\000r\000b\000e\000n\000M\000a\000t\000e\000r\000i\000a\000l\000D\000e\000s\000i\000g\000n\000C\000o\000l\000o\000r\000s}{chapter.8}% 25
\BOOKMARK [1][-]{section.8.3}{\376\377\000L\000o\000g\000o\000L\000o\000g\000o}{chapter.8}% 26
\BOOKMARK [2][-]{subsection.8.3.1}{\376\377\000D\000i\000e\000\040\000E\000r\000s\000t\000e\000l\000l\000u\000n\000g\000\040\000m\000i\000t\000t\000e\000l\000s\000\040\000A\000d\000o\000b\000e\000\040\000P\000h\000o\000t\000o\000s\000h\000o\000p\000\040\000u\000n\000d\000\040\000A\000d\000o\000b\000e\000\040\000I\000l\000l\000u\000s\000t\000r\000a\000t\000o\000r}{section.8.3}% 27
\BOOKMARK [1][-]{section.8.4}{\376\377\000A\000n\000g\000u\000l\000a\000r\000\040\000F\000r\000o\000n\000t\000e\000n\000d\000A\000n\000g\000u\000l\000a\000r\000F\000r\000o\000n\000t\000e\000n\000d}{chapter.8}% 28
\BOOKMARK [0][-]{chapter*.17}{\376\377\000L\000i\000t\000e\000r\000a\000t\000u\000r\000v\000e\000r\000z\000e\000i\000c\000h\000n\000i\000s}{}% 29
