This is pdfTeX, Version 3.14159265-2.6-1.40.19 (MiKTeX 2.9.6840 64-bit) (preloaded format=pdflatex 2018.12.19)  6 MAR 2019 16:23
entering extended mode
**./diplomarbeit.tex
(diplomarbeit.tex
LaTeX2e <2018-04-01> patch level 5
("C:\Program Files\MiKTeX 2.9\tex\latex\koma-script\scrbook.cls"
Document Class: scrbook 2018/03/30 v3.25 KOMA-Script document class (book)
("C:\Program Files\MiKTeX 2.9\tex\latex\koma-script\scrkbase.sty"
Package: scrkbase 2018/03/30 v3.25 KOMA-Script package (KOMA-Script-dependent b
asics and keyval usage)

("C:\Program Files\MiKTeX 2.9\tex\latex\koma-script\scrbase.sty"
Package: scrbase 2018/03/30 v3.25 KOMA-Script package (KOMA-Script-independent 
basics and keyval usage)

("C:\Users\marin\AppData\Local\Programs\MiKTeX 2.9\tex\latex\graphics\keyval.st
y"
Package: keyval 2014/10/28 v1.15 key=value parser (DPC)
\KV@toks@=\toks14
) ("C:\Program Files\MiKTeX 2.9\tex\latex\koma-script\scrlfile.sty"
Package: scrlfile 2018/03/30 v3.25 KOMA-Script package (loading files)
)))
("C:\Program Files\MiKTeX 2.9\tex\latex\koma-script\tocbasic.sty"
Package: tocbasic 2018/03/30 v3.25 KOMA-Script package (handling toc-files)
\scr@dte@tocline@numberwidth=\skip41
\scr@dte@tocline@numbox=\box26
)
Package tocbasic Info: omitting babel extension for `toc'
(tocbasic)             because of feature `nobabel' available
(tocbasic)             for `toc' on input line 136.
Package tocbasic Info: defining new hook before heading of `' on input line 166
3.
Package scrbook Info: You've used standard option `12pt'.
(scrbook)             This is correct!
(scrbook)             Internally I'm using `fontsize=12pt'.
(scrbook)             If you'd like to set the option with \KOMAoptions,
(scrbook)             you'd have to use `fontsize=12pt' there
(scrbook)             instead of `12pt', too.
Class scrbook Info: File `scrsize12pt.clo' used to setup font sizes on input li
ne 2331.

("C:\Program Files\MiKTeX 2.9\tex\latex\koma-script\scrsize12pt.clo"
File: scrsize12pt.clo 2018/03/30 v3.25 KOMA-Script font size class option (12pt
)
)
("C:\Program Files\MiKTeX 2.9\tex\latex\koma-script\typearea.sty"
Package: typearea 2018/03/30 v3.25 KOMA-Script package (type area)
\ta@bcor=\skip42
\ta@div=\count80
Package typearea Info: You've used standard option `a4paper'.
(typearea)             This is correct!
(typearea)             Internally I'm using `paper=a4'.
(typearea)             If you'd like to set the option with \KOMAoptions,
(typearea)             you'd have to use `paper=a4' there
(typearea)             instead of `a4paper', too.
\ta@hblk=\skip43
\ta@vblk=\skip44
\ta@temp=\skip45
\footheight=\skip46
Package typearea Info: These are the values describing the layout:
(typearea)             DIV  = 14
(typearea)             BCOR = 42.67912pt
(typearea)             \paperwidth      = 597.50793pt
(typearea)              \textwidth      = 435.93697pt
(typearea)              DIV departure   = -3%
(typearea)              \evensidemargin = 6.99124pt
(typearea)              \oddsidemargin  = 10.03975pt
(typearea)             \paperheight     = 845.04694pt
(typearea)              \textheight     = 664.5pt
(typearea)              \topmargin      = -51.7845pt
(typearea)              \headheight     = 18.125pt
(typearea)              \headsep        = 21.75pt
(typearea)              \topskip        = 12.0pt
(typearea)              \footskip       = 50.75pt
(typearea)              \baselineskip   = 14.5pt
(typearea)              on input line 1706.
)
\c@part=\count81
\c@chapter=\count82
\c@section=\count83
\c@subsection=\count84
\c@subsubsection=\count85
\c@paragraph=\count86
\c@subparagraph=\count87
\scr@dte@part@maxnumwidth=\skip47
\scr@dte@chapter@maxnumwidth=\skip48
\scr@dte@section@maxnumwidth=\skip49
\scr@dte@subsection@maxnumwidth=\skip50
\scr@dte@subsubsection@maxnumwidth=\skip51
\scr@dte@paragraph@maxnumwidth=\skip52
\scr@dte@subparagraph@maxnumwidth=\skip53
\abovecaptionskip=\skip54
\belowcaptionskip=\skip55
\c@pti@nb@sid@b@x=\box27
\scr@dte@figure@maxnumwidth=\skip56
Package tocbasic Info: omitting babel extension for `lof'
(tocbasic)             because of feature `nobabel' available
(tocbasic)             for `lof' on input line 6251.
\c@figure=\count88
\scr@dte@table@maxnumwidth=\skip57
Package tocbasic Info: omitting babel extension for `lot'
(tocbasic)             because of feature `nobabel' available
(tocbasic)             for `lot' on input line 6272.
\c@table=\count89
Class scrbook Info: Redefining `\numberline' on input line 6445.
\bibindent=\dimen102
)
("C:\Users\marin\AppData\Local\Programs\MiKTeX 2.9\tex\latex\base\fontenc.sty"
Package: fontenc 2017/04/05 v2.0i Standard LaTeX package

("C:\Users\marin\AppData\Local\Programs\MiKTeX 2.9\tex\latex\base\t1enc.def"
File: t1enc.def 2017/04/05 v2.0i Standard LaTeX file
LaTeX Font Info:    Redeclaring font encoding T1 on input line 48.
))
("C:\Users\marin\AppData\Local\Programs\MiKTeX 2.9\tex\latex\base\inputenc.sty"
Package: inputenc 2018/04/06 v1.3b Input encoding file
\inpenc@prehook=\toks15
\inpenc@posthook=\toks16
) ("C:\Users\marin\AppData\Local\Programs\MiKTeX 2.9\tex\generic\babel\babel.st
y"
Package: babel 2018/09/26 3.24 The Babel package

("C:\Users\marin\AppData\Local\Programs\MiKTeX 2.9\tex\generic\babel\switch.def
"
File: switch.def 2018/09/26 3.24 Babel switching mechanism
)
*************************************
* Local config file bblopts.cfg used
*
("C:\Program Files\MiKTeX 2.9\tex\latex\arabi\bblopts.cfg"
File: bblopts.cfg 2005/09/08 v0.1 add Arabic and Farsi to "declared" options of
 babel
)
("C:\Users\marin\AppData\Local\Programs\MiKTeX 2.9\tex\latex\babel-english\engl
ish.ldf"
Language: english 2017/06/06 v3.3r English support from the babel system

("C:\Users\marin\AppData\Local\Programs\MiKTeX 2.9\tex\generic\babel\babel.def"
File: babel.def 2018/09/26 3.24 Babel common definitions
\babel@savecnt=\count90
\U@D=\dimen103

("C:\Users\marin\AppData\Local\Programs\MiKTeX 2.9\tex\generic\babel\txtbabel.d
ef")
\bbl@dirlevel=\count91
)
\l@canadian = a dialect from \language\l@american 
\l@australian = a dialect from \language\l@british 
\l@newzealand = a dialect from \language\l@british 
)
("C:\Users\marin\AppData\Local\Programs\MiKTeX 2.9\tex\latex\babel-german\ngerm
an.ldf"
Language: ngerman 2018/03/29 v2.10 German support for babel (post-1996 orthogra
phy)

("C:\Users\marin\AppData\Local\Programs\MiKTeX 2.9\tex\latex\babel-german\ngerm
anb.ldf"
Language: ngermanb 2018/03/29 v2.10 German support for babel (post-1996 orthogr
aphy)
Package babel Info: Making " an active character on input line 121.
))) ("C:\Program Files\MiKTeX 2.9\tex\latex\lastpage\lastpage.sty"
Package: lastpage 2015/03/29 v1.2m Refers to last page's name (HMM; JPG)
)
("C:\Program Files\MiKTeX 2.9\tex\latex\listings\listings.sty"
\lst@mode=\count92
\lst@gtempboxa=\box28
\lst@token=\toks17
\lst@length=\count93
\lst@currlwidth=\dimen104
\lst@column=\count94
\lst@pos=\count95
\lst@lostspace=\dimen105
\lst@width=\dimen106
\lst@newlines=\count96
\lst@lineno=\count97
\lst@maxwidth=\dimen107

("C:\Program Files\MiKTeX 2.9\tex\latex\listings\lstmisc.sty"
File: lstmisc.sty 2018/09/02 1.7 (Carsten Heinz)
\c@lstnumber=\count98
\lst@skipnumbers=\count99
\lst@framebox=\box29
)
("C:\Program Files\MiKTeX 2.9\tex\latex\listings\listings.cfg"
File: listings.cfg 2018/09/02 1.7 listings configuration
))
Package: listings 2018/09/02 1.7 (Carsten Heinz)

("C:\Program Files\MiKTeX 2.9\tex\latex\blindtext\blindtext.sty"
Package: blindtext 2012/01/06 V2.0 blindtext-Package

("C:\Users\marin\AppData\Local\Programs\MiKTeX 2.9\tex\latex\tools\xspace.sty"
Package: xspace 2014/10/28 v1.13 Space after command names (DPC,MH)
)
\c@blindtext=\count100
\c@Blindtext=\count101
\c@blind@countparstart=\count102
\blind@countxx=\count103
\blindtext@numBlindtext=\count104
\blind@countyy=\count105
\c@blindlist=\count106
\c@blindlistlevel=\count107
\c@blindlist@level=\count108
\blind@listitem=\count109
\c@blind@listcount=\count110
\c@blind@levelcount=\count111
\blind@mathformula=\count112
\blind@Mathformula=\count113
\c@blind@randomcount=\count114
\c@blind@randommax=\count115
\c@blind@pangramcount=\count116
\c@blind@pangrammax=\count117
) ("C:\Program Files\MiKTeX 2.9\tex\latex\enumitem\enumitem.sty"
Package: enumitem 2018/11/30 v3.6 Customized lists
\labelindent=\skip58
\enit@outerparindent=\dimen108
\enit@toks=\toks18
\enit@inbox=\box30
\enitdp@description=\count118
)
("C:\Users\marin\AppData\Local\Programs\MiKTeX 2.9\tex\latex\lm\lmodern.sty"
Package: lmodern 2009/10/30 v1.6 Latin Modern Fonts
LaTeX Font Info:    Overwriting symbol font `operators' in version `normal'
(Font)                  OT1/cmr/m/n --> OT1/lmr/m/n on input line 22.
LaTeX Font Info:    Overwriting symbol font `letters' in version `normal'
(Font)                  OML/cmm/m/it --> OML/lmm/m/it on input line 23.
LaTeX Font Info:    Overwriting symbol font `symbols' in version `normal'
(Font)                  OMS/cmsy/m/n --> OMS/lmsy/m/n on input line 24.
LaTeX Font Info:    Overwriting symbol font `largesymbols' in version `normal'
(Font)                  OMX/cmex/m/n --> OMX/lmex/m/n on input line 25.
LaTeX Font Info:    Overwriting symbol font `operators' in version `bold'
(Font)                  OT1/cmr/bx/n --> OT1/lmr/bx/n on input line 26.
LaTeX Font Info:    Overwriting symbol font `letters' in version `bold'
(Font)                  OML/cmm/b/it --> OML/lmm/b/it on input line 27.
LaTeX Font Info:    Overwriting symbol font `symbols' in version `bold'
(Font)                  OMS/cmsy/b/n --> OMS/lmsy/b/n on input line 28.
LaTeX Font Info:    Overwriting symbol font `largesymbols' in version `bold'
(Font)                  OMX/cmex/m/n --> OMX/lmex/m/n on input line 29.
LaTeX Font Info:    Overwriting math alphabet `\mathbf' in version `normal'
(Font)                  OT1/cmr/bx/n --> OT1/lmr/bx/n on input line 31.
LaTeX Font Info:    Overwriting math alphabet `\mathsf' in version `normal'
(Font)                  OT1/cmss/m/n --> OT1/lmss/m/n on input line 32.
LaTeX Font Info:    Overwriting math alphabet `\mathit' in version `normal'
(Font)                  OT1/cmr/m/it --> OT1/lmr/m/it on input line 33.
LaTeX Font Info:    Overwriting math alphabet `\mathtt' in version `normal'
(Font)                  OT1/cmtt/m/n --> OT1/lmtt/m/n on input line 34.
LaTeX Font Info:    Overwriting math alphabet `\mathbf' in version `bold'
(Font)                  OT1/cmr/bx/n --> OT1/lmr/bx/n on input line 35.
LaTeX Font Info:    Overwriting math alphabet `\mathsf' in version `bold'
(Font)                  OT1/cmss/bx/n --> OT1/lmss/bx/n on input line 36.
LaTeX Font Info:    Overwriting math alphabet `\mathit' in version `bold'
(Font)                  OT1/cmr/bx/it --> OT1/lmr/bx/it on input line 37.
LaTeX Font Info:    Overwriting math alphabet `\mathtt' in version `bold'
(Font)                  OT1/cmtt/m/n --> OT1/lmtt/m/n on input line 38.
)
("C:\Users\marin\AppData\Local\Programs\MiKTeX 2.9\tex\latex\graphics\graphicx.
sty"
Package: graphicx 2017/06/01 v1.1a Enhanced LaTeX Graphics (DPC,SPQR)

("C:\Users\marin\AppData\Local\Programs\MiKTeX 2.9\tex\latex\graphics\graphics.
sty"
Package: graphics 2017/06/25 v1.2c Standard LaTeX Graphics (DPC,SPQR)

("C:\Users\marin\AppData\Local\Programs\MiKTeX 2.9\tex\latex\graphics\trig.sty"
Package: trig 2016/01/03 v1.10 sin cos tan (DPC)
)
("C:\Users\marin\AppData\Local\Programs\MiKTeX 2.9\tex\latex\graphics-cfg\graph
ics.cfg"
File: graphics.cfg 2016/06/04 v1.11 sample graphics configuration
)
Package graphics Info: Driver file: pdftex.def on input line 99.

("C:\Users\marin\AppData\Local\Programs\MiKTeX 2.9\tex\latex\graphics-def\pdfte
x.def"
File: pdftex.def 2018/01/08 v1.0l Graphics/color driver for pdftex
))
\Gin@req@height=\dimen109
\Gin@req@width=\dimen110
) ("C:\Program Files\MiKTeX 2.9\tex\latex\url\url.sty"
\Urlmuskip=\muskip10
Package: url 2013/09/16  ver 3.4  Verb mode for urls, etc.
)
("C:\Users\marin\AppData\Local\Programs\MiKTeX 2.9\tex\latex\base\makeidx.sty"
Package: makeidx 2014/09/29 v1.0m Standard LaTeX package
)
\@indexfile=\write3
\openout3 = `diplomarbeit.idx'.

Writing index file diplomarbeit.idx
("C:\Program Files\MiKTeX 2.9\tex\latex\natbib\natbib.sty"
Package: natbib 2010/09/13 8.31b (PWD, AO)
\bibhang=\skip59
\bibsep=\skip60
LaTeX Info: Redefining \cite on input line 694.
\c@NAT@ctr=\count119
)
("C:\Program Files\MiKTeX 2.9\tex\latex\ulem\ulem.sty"
\UL@box=\box31
\UL@hyphenbox=\box32
\UL@skip=\skip61
\UL@hook=\toks19
\UL@height=\dimen111
\UL@pe=\count120
\UL@pixel=\dimen112
\ULC@box=\box33
Package: ulem 2012/05/18
\ULdepth=\dimen113
)
("C:\Program Files\MiKTeX 2.9\tex\latex\needspace\needspace.sty"
Package: needspace 2010/09/12 v1.3d reserve vertical space
)
("C:\Program Files\MiKTeX 2.9\tex\latex\footmisc\footmisc.sty"
Package: footmisc 2011/06/06 v5.5b a miscellany of footnote facilities
\FN@temptoken=\toks20
\footnotemargin=\dimen114
\c@pp@next@reset=\count121
Package footmisc Info: Declaring symbol style bringhurst on input line 855.
Package footmisc Info: Declaring symbol style chicago on input line 863.
Package footmisc Info: Declaring symbol style wiley on input line 872.
Package footmisc Info: Declaring symbol style lamport-robust on input line 883.

Package footmisc Info: Declaring symbol style lamport* on input line 903.
Package footmisc Info: Declaring symbol style lamport*-robust on input line 924
.
)
("C:\Program Files\MiKTeX 2.9\tex\latex\microtype\microtype.sty"
Package: microtype 2018/01/14 v2.7a Micro-typographical refinements (RS)
\MT@toks=\toks21
\MT@count=\count122
LaTeX Info: Redefining \textls on input line 793.
\MT@outer@kern=\dimen115
LaTeX Info: Redefining \textmicrotypecontext on input line 1339.
\MT@listname@count=\count123

("C:\Program Files\MiKTeX 2.9\tex\latex\microtype\microtype-pdftex.def"
File: microtype-pdftex.def 2018/01/14 v2.7a Definitions specific to pdftex (RS)

LaTeX Info: Redefining \lsstyle on input line 913.
LaTeX Info: Redefining \lslig on input line 913.
\MT@outer@space=\skip62
)
Package microtype Info: Loading configuration file microtype.cfg.

("C:\Program Files\MiKTeX 2.9\tex\latex\microtype\microtype.cfg"
File: microtype.cfg 2018/01/14 v2.7a microtype main configuration file (RS)
))
("C:\Users\marin\AppData\Local\Programs\MiKTeX 2.9\tex\latex\multirow\multirow.
sty"
Package: multirow 2018/08/03 v2.3 Span multiple rows of a table
\multirow@colwidth=\skip63
\multirow@cntb=\count124
\multirow@dima=\skip64
\bigstrutjot=\dimen116
) ("C:\Program Files\MiKTeX 2.9\tex\latex\booktabs\booktabs.sty"
Package: booktabs 2005/04/14 v1.61803 publication quality tables
\heavyrulewidth=\dimen117
\lightrulewidth=\dimen118
\cmidrulewidth=\dimen119
\belowrulesep=\dimen120
\belowbottomsep=\dimen121
\aboverulesep=\dimen122
\abovetopsep=\dimen123
\cmidrulesep=\dimen124
\cmidrulekern=\dimen125
\defaultaddspace=\dimen126
\@cmidla=\count125
\@cmidlb=\count126
\@aboverulesep=\dimen127
\@belowrulesep=\dimen128
\@thisruleclass=\count127
\@lastruleclass=\count128
\@thisrulewidth=\dimen129
)
("C:\Program Files\MiKTeX 2.9\tex\latex\caption\subcaption.sty"
Package: subcaption 2018/05/01 v1.1-162 Sub-captions (AR)

("C:\Program Files\MiKTeX 2.9\tex\latex\caption\caption.sty"
Package: caption 2018/10/06 v3.3-154 Customizing captions (AR)

("C:\Program Files\MiKTeX 2.9\tex\latex\caption\caption3.sty"
Package: caption3 2018/09/12 v1.8c caption3 kernel (AR)
Package caption3 Info: TeX engine: e-TeX on input line 64.
\captionmargin=\dimen130
\captionmargin@=\dimen131
\captionwidth=\dimen132
\caption@tempdima=\dimen133
\caption@indent=\dimen134
\caption@parindent=\dimen135
\caption@hangindent=\dimen136
)
Package caption Info: KOMA-Script document class.
\c@caption@flags=\count129
\c@ContinuedFloat=\count130
Package caption Info: listings package is loaded.
)
\c@subfigure=\count131
\c@subtable=\count132
)
("C:\Program Files\MiKTeX 2.9\tex\latex\algorithm2e\algorithm2e.sty"
Package: algorithm2e 2017/07/18 v5.2 algorithms environments
\c@AlgoLine=\count133

("C:\Users\marin\AppData\Local\Programs\MiKTeX 2.9\tex\latex\base\ifthen.sty"
Package: ifthen 2014/09/29 v1.1c Standard LaTeX ifthen package (DPC)
)
\algocf@hangindent=\skip65

("C:\Program Files\MiKTeX 2.9\tex\latex\ifoddpage\ifoddpage.sty"
Package: ifoddpage 2016/04/23 v1.1 Conditionals for odd/even page detection
\c@checkoddpage=\count134
)
("C:\Program Files\MiKTeX 2.9\tex\latex\relsize\relsize.sty"
Package: relsize 2013/03/29 ver 4.1
)
\skiptotal=\skip66
\skiplinenumber=\skip67
\skiprule=\skip68
\skiphlne=\skip69
\skiptext=\skip70
\skiplength=\skip71
\algomargin=\skip72
\skipalgocfslide=\skip73
\algowidth=\dimen137
\inoutsize=\dimen138
\inoutindent=\dimen139
\interspacetitleruled=\dimen140
\interspacealgoruled=\dimen141
\interspacetitleboxruled=\dimen142
\algocf@ruledwidth=\skip74
\algocf@inoutbox=\box34
\algocf@inputbox=\box35
\AlCapSkip=\skip75
\AlCapHSkip=\skip76
\algoskipindent=\skip77
\algocf@nlbox=\box36
\algocf@hangingbox=\box37
\algocf@untilbox=\box38
\algocf@skipuntil=\skip78
\algocf@capbox=\box39
\algocf@lcaptionbox=\skip79
\algoheightruledefault=\skip80
\algoheightrule=\skip81
\algotitleheightruledefault=\skip82
\algotitleheightrule=\skip83
\c@algocfline=\count135
\c@algocfproc=\count136
\c@algocf=\count137
\algocf@algoframe=\box40
\algocf@algobox=\box41
)
("C:\Program Files\MiKTeX 2.9\tex\latex\xcolor\xcolor.sty"
Package: xcolor 2016/05/11 v2.12 LaTeX color extensions (UK)

("C:\Users\marin\AppData\Local\Programs\MiKTeX 2.9\tex\latex\graphics-cfg\color
.cfg"
File: color.cfg 2016/01/02 v1.6 sample color configuration
)
Package xcolor Info: Package option `usenames' ignored on input line 216.
Package xcolor Info: Driver file: pdftex.def on input line 225.
 ("C:\Program Files\MiKTeX 2.9\tex\latex\colortbl\colortbl.sty"
Package: colortbl 2018/12/12 v1.0d Color table columns (DPC)

("C:\Users\marin\AppData\Local\Programs\MiKTeX 2.9\tex\latex\tools\array.sty"
Package: array 2018/04/30 v2.4h Tabular extension package (FMi)
\col@sep=\dimen143
\ar@mcellbox=\box42
\extrarowheight=\dimen144
\NC@list=\toks22
\extratabsurround=\skip84
\backup@length=\skip85
\ar@cellbox=\box43
)
\everycr=\toks23
\minrowclearance=\skip86
)
\rownum=\count138
Package xcolor Info: Model `cmy' substituted by `cmy0' on input line 1348.
Package xcolor Info: Model `hsb' substituted by `rgb' on input line 1352.
Package xcolor Info: Model `RGB' extended on input line 1364.
Package xcolor Info: Model `HTML' substituted by `rgb' on input line 1366.
Package xcolor Info: Model `Hsb' substituted by `hsb' on input line 1367.
Package xcolor Info: Model `tHsb' substituted by `hsb' on input line 1368.
Package xcolor Info: Model `HSB' substituted by `hsb' on input line 1369.
Package xcolor Info: Model `Gray' substituted by `gray' on input line 1370.
Package xcolor Info: Model `wave' substituted by `hsb' on input line 1371.

("C:\Users\marin\AppData\Local\Programs\MiKTeX 2.9\tex\latex\graphics\dvipsnam.
def"
File: dvipsnam.def 2016/06/17 v3.0m Driver-dependent file (DPC,SPQR)
)) ("C:\Program Files\MiKTeX 2.9\tex\latex\nag\nag.sty"
Package: nag 2011/11/25 0.7 warning about old commands (ulmi)
\c@nag@c=\count139
\c@nag@sins=\count140
)
("C:\Program Files\MiKTeX 2.9\tex\latex\todonotes\todonotes.sty"
Package: todonotes 2018/11/22 v1.1.1 Todonotes source and documentation.
Package: todonotes 2018/11/22

("C:\Users\marin\AppData\Local\Programs\MiKTeX 2.9\tex\latex\xkeyval\xkeyval.st
y"
Package: xkeyval 2014/12/03 v2.7a package option processing (HA)

("C:\Users\marin\AppData\Local\Programs\MiKTeX 2.9\tex\generic\xkeyval\xkeyval.
tex"
("C:\Users\marin\AppData\Local\Programs\MiKTeX 2.9\tex\generic\xkeyval\xkvutils
.tex"
\XKV@toks=\toks24
\XKV@tempa@toks=\toks25
)
\XKV@depth=\count141
File: xkeyval.tex 2014/12/03 v2.7a key=value parser (HA)
)) ("C:\Program Files\MiKTeX 2.9\tex\latex\pgf\frontendlayer\tikz.sty"
("C:\Program Files\MiKTeX 2.9\tex\latex\pgf\basiclayer\pgf.sty"
("C:\Program Files\MiKTeX 2.9\tex\latex\pgf\utilities\pgfrcs.sty"
("C:\Program Files\MiKTeX 2.9\tex\generic\pgf\utilities\pgfutil-common.tex"
\pgfutil@everybye=\toks26
\pgfutil@tempdima=\dimen145
\pgfutil@tempdimb=\dimen146

("C:\Program Files\MiKTeX 2.9\tex\generic\pgf\utilities\pgfutil-common-lists.te
x")) ("C:\Program Files\MiKTeX 2.9\tex\generic\pgf\utilities\pgfutil-latex.def"
\pgfutil@abb=\box44
("C:\Program Files\MiKTeX 2.9\tex\latex\ms\everyshi.sty"
Package: everyshi 2001/05/15 v3.00 EveryShipout Package (MS)
))
("C:\Program Files\MiKTeX 2.9\tex\generic\pgf\utilities\pgfrcs.code.tex"
Package: pgfrcs 2015/08/07 v3.0.1a (rcs-revision 1.31)
))
Package: pgf 2015/08/07 v3.0.1a (rcs-revision 1.15)

("C:\Program Files\MiKTeX 2.9\tex\latex\pgf\basiclayer\pgfcore.sty"
("C:\Program Files\MiKTeX 2.9\tex\latex\pgf\systemlayer\pgfsys.sty"
("C:\Program Files\MiKTeX 2.9\tex\generic\pgf\systemlayer\pgfsys.code.tex"
Package: pgfsys 2014/07/09 v3.0.1a (rcs-revision 1.48)

("C:\Program Files\MiKTeX 2.9\tex\generic\pgf\utilities\pgfkeys.code.tex"
\pgfkeys@pathtoks=\toks27
\pgfkeys@temptoks=\toks28

("C:\Program Files\MiKTeX 2.9\tex\generic\pgf\utilities\pgfkeysfiltered.code.te
x"
\pgfkeys@tmptoks=\toks29
))
\pgf@x=\dimen147
\pgf@y=\dimen148
\pgf@xa=\dimen149
\pgf@ya=\dimen150
\pgf@xb=\dimen151
\pgf@yb=\dimen152
\pgf@xc=\dimen153
\pgf@yc=\dimen154
\w@pgf@writea=\write4
\r@pgf@reada=\read1
\c@pgf@counta=\count142
\c@pgf@countb=\count143
\c@pgf@countc=\count144
\c@pgf@countd=\count145
\t@pgf@toka=\toks30
\t@pgf@tokb=\toks31
\t@pgf@tokc=\toks32
 ("C:\Program Files\MiKTeX 2.9\tex\generic\pgf\systemlayer\pgf.cfg"
File: pgf.cfg 2008/05/14  (rcs-revision 1.7)
)
Driver file for pgf: pgfsys-pdftex.def

("C:\Program Files\MiKTeX 2.9\tex\generic\pgf\systemlayer\pgfsys-pdftex.def"
File: pgfsys-pdftex.def 2014/10/11  (rcs-revision 1.35)

("C:\Program Files\MiKTeX 2.9\tex\generic\pgf\systemlayer\pgfsys-common-pdf.def
"
File: pgfsys-common-pdf.def 2013/10/10  (rcs-revision 1.13)
)))
("C:\Program Files\MiKTeX 2.9\tex\generic\pgf\systemlayer\pgfsyssoftpath.code.t
ex"
File: pgfsyssoftpath.code.tex 2013/09/09  (rcs-revision 1.9)
\pgfsyssoftpath@smallbuffer@items=\count146
\pgfsyssoftpath@bigbuffer@items=\count147
)
("C:\Program Files\MiKTeX 2.9\tex\generic\pgf\systemlayer\pgfsysprotocol.code.t
ex"
File: pgfsysprotocol.code.tex 2006/10/16  (rcs-revision 1.4)
)) ("C:\Program Files\MiKTeX 2.9\tex\generic\pgf\basiclayer\pgfcore.code.tex"
Package: pgfcore 2010/04/11 v3.0.1a (rcs-revision 1.7)
 ("C:\Program Files\MiKTeX 2.9\tex\generic\pgf\math\pgfmath.code.tex"
("C:\Program Files\MiKTeX 2.9\tex\generic\pgf\math\pgfmathcalc.code.tex"
("C:\Program Files\MiKTeX 2.9\tex\generic\pgf\math\pgfmathutil.code.tex")
("C:\Program Files\MiKTeX 2.9\tex\generic\pgf\math\pgfmathparser.code.tex"
\pgfmath@dimen=\dimen155
\pgfmath@count=\count148
\pgfmath@box=\box45
\pgfmath@toks=\toks33
\pgfmath@stack@operand=\toks34
\pgfmath@stack@operation=\toks35
)
("C:\Program Files\MiKTeX 2.9\tex\generic\pgf\math\pgfmathfunctions.code.tex"
("C:\Program Files\MiKTeX 2.9\tex\generic\pgf\math\pgfmathfunctions.basic.code.
tex")
("C:\Program Files\MiKTeX 2.9\tex\generic\pgf\math\pgfmathfunctions.trigonometr
ic.code.tex")
("C:\Program Files\MiKTeX 2.9\tex\generic\pgf\math\pgfmathfunctions.random.code
.tex")
("C:\Program Files\MiKTeX 2.9\tex\generic\pgf\math\pgfmathfunctions.comparison.
code.tex")
("C:\Program Files\MiKTeX 2.9\tex\generic\pgf\math\pgfmathfunctions.base.code.t
ex")
("C:\Program Files\MiKTeX 2.9\tex\generic\pgf\math\pgfmathfunctions.round.code.
tex")
("C:\Program Files\MiKTeX 2.9\tex\generic\pgf\math\pgfmathfunctions.misc.code.t
ex")
("C:\Program Files\MiKTeX 2.9\tex\generic\pgf\math\pgfmathfunctions.integerarit
hmetics.code.tex")))
("C:\Program Files\MiKTeX 2.9\tex\generic\pgf\math\pgfmathfloat.code.tex"
\c@pgfmathroundto@lastzeros=\count149
))
("C:\Program Files\MiKTeX 2.9\tex\generic\pgf\basiclayer\pgfcorepoints.code.tex
"
File: pgfcorepoints.code.tex 2013/10/07  (rcs-revision 1.27)
\pgf@picminx=\dimen156
\pgf@picmaxx=\dimen157
\pgf@picminy=\dimen158
\pgf@picmaxy=\dimen159
\pgf@pathminx=\dimen160
\pgf@pathmaxx=\dimen161
\pgf@pathminy=\dimen162
\pgf@pathmaxy=\dimen163
\pgf@xx=\dimen164
\pgf@xy=\dimen165
\pgf@yx=\dimen166
\pgf@yy=\dimen167
\pgf@zx=\dimen168
\pgf@zy=\dimen169
)
("C:\Program Files\MiKTeX 2.9\tex\generic\pgf\basiclayer\pgfcorepathconstruct.c
ode.tex"
File: pgfcorepathconstruct.code.tex 2013/10/07  (rcs-revision 1.29)
\pgf@path@lastx=\dimen170
\pgf@path@lasty=\dimen171
)
("C:\Program Files\MiKTeX 2.9\tex\generic\pgf\basiclayer\pgfcorepathusage.code.
tex"
File: pgfcorepathusage.code.tex 2014/11/02  (rcs-revision 1.24)
\pgf@shorten@end@additional=\dimen172
\pgf@shorten@start@additional=\dimen173
)
("C:\Program Files\MiKTeX 2.9\tex\generic\pgf\basiclayer\pgfcorescopes.code.tex
"
File: pgfcorescopes.code.tex 2015/05/08  (rcs-revision 1.46)
\pgfpic=\box46
\pgf@hbox=\box47
\pgf@layerbox@main=\box48
\pgf@picture@serial@count=\count150
)
("C:\Program Files\MiKTeX 2.9\tex\generic\pgf\basiclayer\pgfcoregraphicstate.co
de.tex"
File: pgfcoregraphicstate.code.tex 2014/11/02  (rcs-revision 1.12)
\pgflinewidth=\dimen174
)
("C:\Program Files\MiKTeX 2.9\tex\generic\pgf\basiclayer\pgfcoretransformations
.code.tex"
File: pgfcoretransformations.code.tex 2015/08/07  (rcs-revision 1.20)
\pgf@pt@x=\dimen175
\pgf@pt@y=\dimen176
\pgf@pt@temp=\dimen177
)
("C:\Program Files\MiKTeX 2.9\tex\generic\pgf\basiclayer\pgfcorequick.code.tex"
File: pgfcorequick.code.tex 2008/10/09  (rcs-revision 1.3)
)
("C:\Program Files\MiKTeX 2.9\tex\generic\pgf\basiclayer\pgfcoreobjects.code.te
x"
File: pgfcoreobjects.code.tex 2006/10/11  (rcs-revision 1.2)
)
("C:\Program Files\MiKTeX 2.9\tex\generic\pgf\basiclayer\pgfcorepathprocessing.
code.tex"
File: pgfcorepathprocessing.code.tex 2013/09/09  (rcs-revision 1.9)
)
("C:\Program Files\MiKTeX 2.9\tex\generic\pgf\basiclayer\pgfcorearrows.code.tex
"
File: pgfcorearrows.code.tex 2015/05/14  (rcs-revision 1.43)
\pgfarrowsep=\dimen178
)
("C:\Program Files\MiKTeX 2.9\tex\generic\pgf\basiclayer\pgfcoreshade.code.tex"
File: pgfcoreshade.code.tex 2013/07/15  (rcs-revision 1.15)
\pgf@max=\dimen179
\pgf@sys@shading@range@num=\count151
) ("C:\Program Files\MiKTeX 2.9\tex\generic\pgf\basiclayer\pgfcoreimage.code.te
x"
File: pgfcoreimage.code.tex 2013/07/15  (rcs-revision 1.18)

("C:\Program Files\MiKTeX 2.9\tex\generic\pgf\basiclayer\pgfcoreexternal.code.t
ex"
File: pgfcoreexternal.code.tex 2014/07/09  (rcs-revision 1.21)
\pgfexternal@startupbox=\box49
))
("C:\Program Files\MiKTeX 2.9\tex\generic\pgf\basiclayer\pgfcorelayers.code.tex
"
File: pgfcorelayers.code.tex 2013/07/18  (rcs-revision 1.7)
)
("C:\Program Files\MiKTeX 2.9\tex\generic\pgf\basiclayer\pgfcoretransparency.co
de.tex"
File: pgfcoretransparency.code.tex 2013/09/30  (rcs-revision 1.5)
)
("C:\Program Files\MiKTeX 2.9\tex\generic\pgf\basiclayer\pgfcorepatterns.code.t
ex"
File: pgfcorepatterns.code.tex 2013/11/07  (rcs-revision 1.5)
)))
("C:\Program Files\MiKTeX 2.9\tex\generic\pgf\modules\pgfmoduleshapes.code.tex"
File: pgfmoduleshapes.code.tex 2014/03/21  (rcs-revision 1.35)
\pgfnodeparttextbox=\box50
) ("C:\Program Files\MiKTeX 2.9\tex\generic\pgf\modules\pgfmoduleplot.code.tex"
File: pgfmoduleplot.code.tex 2015/08/03  (rcs-revision 1.13)
)
("C:\Program Files\MiKTeX 2.9\tex\latex\pgf\compatibility\pgfcomp-version-0-65.
sty"
Package: pgfcomp-version-0-65 2007/07/03 v3.0.1a (rcs-revision 1.7)
\pgf@nodesepstart=\dimen180
\pgf@nodesepend=\dimen181
)
("C:\Program Files\MiKTeX 2.9\tex\latex\pgf\compatibility\pgfcomp-version-1-18.
sty"
Package: pgfcomp-version-1-18 2007/07/23 v3.0.1a (rcs-revision 1.1)
)) ("C:\Program Files\MiKTeX 2.9\tex\latex\pgf\utilities\pgffor.sty"
("C:\Program Files\MiKTeX 2.9\tex\latex\pgf\utilities\pgfkeys.sty"
("C:\Program Files\MiKTeX 2.9\tex\generic\pgf\utilities\pgfkeys.code.tex"))
("C:\Program Files\MiKTeX 2.9\tex\latex\pgf\math\pgfmath.sty"
("C:\Program Files\MiKTeX 2.9\tex\generic\pgf\math\pgfmath.code.tex"))
("C:\Program Files\MiKTeX 2.9\tex\generic\pgf\utilities\pgffor.code.tex"
Package: pgffor 2013/12/13 v3.0.1a (rcs-revision 1.25)

("C:\Program Files\MiKTeX 2.9\tex\generic\pgf\math\pgfmath.code.tex")
\pgffor@iter=\dimen182
\pgffor@skip=\dimen183
\pgffor@stack=\toks36
\pgffor@toks=\toks37
))
("C:\Program Files\MiKTeX 2.9\tex\generic\pgf\frontendlayer\tikz\tikz.code.tex"
Package: tikz 2015/08/07 v3.0.1a (rcs-revision 1.151)

("C:\Program Files\MiKTeX 2.9\tex\generic\pgf\libraries\pgflibraryplothandlers.
code.tex"
File: pgflibraryplothandlers.code.tex 2013/08/31 v3.0.1a (rcs-revision 1.20)
\pgf@plot@mark@count=\count152
\pgfplotmarksize=\dimen184
)
\tikz@lastx=\dimen185
\tikz@lasty=\dimen186
\tikz@lastxsaved=\dimen187
\tikz@lastysaved=\dimen188
\tikzleveldistance=\dimen189
\tikzsiblingdistance=\dimen190
\tikz@figbox=\box51
\tikz@figbox@bg=\box52
\tikz@tempbox=\box53
\tikz@tempbox@bg=\box54
\tikztreelevel=\count153
\tikznumberofchildren=\count154
\tikznumberofcurrentchild=\count155
\tikz@fig@count=\count156

("C:\Program Files\MiKTeX 2.9\tex\generic\pgf\modules\pgfmodulematrix.code.tex"
File: pgfmodulematrix.code.tex 2013/09/17  (rcs-revision 1.8)
\pgfmatrixcurrentrow=\count157
\pgfmatrixcurrentcolumn=\count158
\pgf@matrix@numberofcolumns=\count159
)
\tikz@expandcount=\count160

("C:\Program Files\MiKTeX 2.9\tex\generic\pgf\frontendlayer\tikz\libraries\tikz
librarytopaths.code.tex"
File: tikzlibrarytopaths.code.tex 2008/06/17 v3.0.1a (rcs-revision 1.2)
)))
("C:\Program Files\MiKTeX 2.9\tex\generic\pgf\frontendlayer\tikz\libraries\tikz
librarypositioning.code.tex"
File: tikzlibrarypositioning.code.tex 2008/10/06 v3.0.1a (rcs-revision 1.7)
)
("C:\Program Files\MiKTeX 2.9\tex\generic\pgf\frontendlayer\tikz\libraries\tikz
libraryshadows.code.tex"
File: tikzlibraryshadows.code.tex 2008/01/13 v3.0.1a (rcs-revision 1.3)

("C:\Program Files\MiKTeX 2.9\tex\generic\pgf\frontendlayer\tikz\libraries\tikz
libraryfadings.code.tex"
File: tikzlibraryfadings.code.tex 2009/11/15 v3.0.1a (rcs-revision 1.2)

("C:\Program Files\MiKTeX 2.9\tex\generic\pgf\libraries\pgflibraryfadings.code.
tex"
File: pgflibraryfadings.code.tex 2008/02/07 v3.0.1a (rcs-revision 1.3)
)))
("C:\Users\marin\AppData\Local\Programs\MiKTeX 2.9\tex\latex\tools\calc.sty"
Package: calc 2017/05/25 v4.3 Infix arithmetic (KKT,FJ)
\calc@Acount=\count161
\calc@Bcount=\count162
\calc@Adimen=\dimen191
\calc@Bdimen=\dimen192
\calc@Askip=\skip87
\calc@Bskip=\skip88
LaTeX Info: Redefining \setlength on input line 80.
LaTeX Info: Redefining \addtolength on input line 81.
\calc@Ccount=\count163
\calc@Cskip=\skip89
)
\c@@todonotes@numberoftodonotes=\count164
)
("C:\Program Files\MiKTeX 2.9\tex\latex\siunitx\siunitx.sty"
("C:\Program Files\MiKTeX 2.9\tex\latex\l3kernel\expl3.sty"
Package: expl3 2018-12-12 L3 programming layer (loader) 

("C:\Program Files\MiKTeX 2.9\tex\latex\l3kernel\expl3-code.tex"
Package: expl3 2018-12-12 L3 programming layer (code)
\c_max_int=\count165
\l_tmpa_int=\count166
\l_tmpb_int=\count167
\g_tmpa_int=\count168
\g_tmpb_int=\count169
\g__kernel_prg_map_int=\count170
\c_log_iow=\count171
\l_iow_line_count_int=\count172
\l__iow_line_target_int=\count173
\l__iow_one_indent_int=\count174
\l__iow_indent_int=\count175
\c_zero_dim=\dimen193
\c_max_dim=\dimen194
\l_tmpa_dim=\dimen195
\l_tmpb_dim=\dimen196
\g_tmpa_dim=\dimen197
\g_tmpb_dim=\dimen198
\c_zero_skip=\skip90
\c_max_skip=\skip91
\l_tmpa_skip=\skip92
\l_tmpb_skip=\skip93
\g_tmpa_skip=\skip94
\g_tmpb_skip=\skip95
\c_zero_muskip=\muskip11
\c_max_muskip=\muskip12
\l_tmpa_muskip=\muskip13
\l_tmpb_muskip=\muskip14
\g_tmpa_muskip=\muskip15
\g_tmpb_muskip=\muskip16
\l_keys_choice_int=\count176
\l__intarray_loop_int=\count177
\c__intarray_sp_dim=\dimen199
\g__intarray_font_int=\count178
\c__fp_leading_shift_int=\count179
\c__fp_middle_shift_int=\count180
\c__fp_trailing_shift_int=\count181
\c__fp_big_leading_shift_int=\count182
\c__fp_big_middle_shift_int=\count183
\c__fp_big_trailing_shift_int=\count184
\c__fp_Bigg_leading_shift_int=\count185
\c__fp_Bigg_middle_shift_int=\count186
\c__fp_Bigg_trailing_shift_int=\count187
\c__kernel_randint_max_int=\count188
\g__fp_array_int=\count189
\l__fp_array_loop_int=\count190
\l__sort_length_int=\count191
\l__sort_min_int=\count192
\l__sort_top_int=\count193
\l__sort_max_int=\count194
\l__sort_true_max_int=\count195
\l__sort_block_int=\count196
\l__sort_begin_int=\count197
\l__sort_end_int=\count198
\l__sort_A_int=\count199
\l__sort_B_int=\count266
\l__sort_C_int=\count267
\l__tl_analysis_normal_int=\count268
\l__tl_analysis_index_int=\count269
\l__tl_analysis_nesting_int=\count270
\l__tl_analysis_type_int=\count271
\l__regex_internal_a_int=\count272
\l__regex_internal_b_int=\count273
\l__regex_internal_c_int=\count274
\l__regex_balance_int=\count275
\l__regex_group_level_int=\count276
\l__regex_mode_int=\count277
\c__regex_cs_in_class_mode_int=\count278
\c__regex_cs_mode_int=\count279
\l__regex_catcodes_int=\count280
\l__regex_default_catcodes_int=\count281
\c__regex_catcode_D_int=\count282
\c__regex_catcode_S_int=\count283
\c__regex_catcode_L_int=\count284
\c__regex_catcode_O_int=\count285
\c__regex_catcode_A_int=\count286
\c__regex_all_catcodes_int=\count287
\l__regex_show_lines_int=\count288
\l__regex_min_state_int=\count289
\l__regex_max_state_int=\count290
\l__regex_left_state_int=\count291
\l__regex_right_state_int=\count292
\l__regex_capturing_group_int=\count293
\l__regex_min_pos_int=\count294
\l__regex_max_pos_int=\count295
\l__regex_curr_pos_int=\count296
\l__regex_start_pos_int=\count297
\l__regex_success_pos_int=\count298
\l__regex_curr_char_int=\count299
\l__regex_curr_catcode_int=\count300
\l__regex_last_char_int=\count301
\l__regex_case_changed_char_int=\count302
\l__regex_curr_state_int=\count303
\l__regex_step_int=\count304
\l__regex_min_active_int=\count305
\l__regex_max_active_int=\count306
\l__regex_replacement_csnames_int=\count307
\l__regex_match_count_int=\count308
\l__regex_min_submatch_int=\count309
\l__regex_submatch_int=\count310
\l__regex_zeroth_submatch_int=\count311
\g__regex_trace_regex_int=\count312
\c_empty_box=\box55
\l_tmpa_box=\box56
\l_tmpb_box=\box57
\g_tmpa_box=\box58
\g_tmpb_box=\box59
\l__box_top_dim=\dimen256
\l__box_bottom_dim=\dimen257
\l__box_left_dim=\dimen258
\l__box_right_dim=\dimen259
\l__box_top_new_dim=\dimen260
\l__box_bottom_new_dim=\dimen261
\l__box_left_new_dim=\dimen262
\l__box_right_new_dim=\dimen263
\l__box_internal_box=\box60
\l__coffin_internal_box=\box61
\l__coffin_internal_dim=\dimen264
\l__coffin_offset_x_dim=\dimen265
\l__coffin_offset_y_dim=\dimen266
\l__coffin_x_dim=\dimen267
\l__coffin_y_dim=\dimen268
\l__coffin_x_prime_dim=\dimen269
\l__coffin_y_prime_dim=\dimen270
\c_empty_coffin=\box62
\l__coffin_aligned_coffin=\box63
\l__coffin_aligned_internal_coffin=\box64
\l_tmpa_coffin=\box65
\l_tmpb_coffin=\box66
\l__coffin_display_coffin=\box67
\l__coffin_display_coord_coffin=\box68
\l__coffin_display_pole_coffin=\box69
\l__coffin_display_offset_dim=\dimen271
\l__coffin_display_x_dim=\dimen272
\l__coffin_display_y_dim=\dimen273
\g__file_internal_ior=\read2
\l__coffin_bounding_shift_dim=\dimen274
\l__coffin_left_corner_dim=\dimen275
\l__coffin_right_corner_dim=\dimen276
\l__coffin_bottom_corner_dim=\dimen277
\l__coffin_top_corner_dim=\dimen278
\l__coffin_scaled_total_height_dim=\dimen279
\l__coffin_scaled_width_dim=\dimen280
\l__seq_internal_a_int=\count313
\l__seq_internal_b_int=\count314
)
("C:\Program Files\MiKTeX 2.9\tex\latex\l3kernel\l3pdfmode.def"
File: l3pdfmode.def 2018-12-12 v L3 Experimental driver: PDF mode
\l__driver_color_stack_int=\count315
))
("C:\Program Files\MiKTeX 2.9\tex\latex\l3packages\xparse\xparse.sty"
Package: xparse 2018-10-17 L3 Experimental document command parser
\l__xparse_current_arg_int=\count316
\g__xparse_grabber_int=\count317
\l__xparse_m_args_int=\count318
\l__xparse_mandatory_args_int=\count319
\l__xparse_v_nesting_int=\count320
)
Package: siunitx 2018/05/17 v2.7s A comprehensive (SI) units package

("C:\Users\marin\AppData\Local\Programs\MiKTeX 2.9\tex\latex\amsmath\amstext.st
y"
Package: amstext 2000/06/29 v2.01 AMS text

("C:\Users\marin\AppData\Local\Programs\MiKTeX 2.9\tex\latex\amsmath\amsgen.sty
"
File: amsgen.sty 1999/11/30 v2.0 generic functions
\@emptytoks=\toks38
\ex@=\dimen281
)) ("C:\Program Files\MiKTeX 2.9\tex\latex\l3packages\l3keys2e\l3keys2e.sty"
Package: l3keys2e 2018-10-17 LaTeX2e option processing using LaTeX3 keys
)
\l__siunitx_tmp_box=\box70
\l__siunitx_tmp_dim=\dimen282
\l__siunitx_tmp_int=\count321
\l__siunitx_number_mantissa_length_int=\count322
\l__siunitx_number_uncert_length_int=\count323
\l__siunitx_round_int=\count324
\l__siunitx_process_decimal_int=\count325
\l__siunitx_process_uncertainty_int=\count326
\l__siunitx_process_fixed_int=\count327
\l__siunitx_process_integer_min_int=\count328
\l__siunitx_process_precision_int=\count329
\l__siunitx_group_min_int=\count330
\l__siunitx_angle_marker_box=\box71
\l__siunitx_angle_unit_box=\box72
\l__siunitx_angle_marker_dim=\dimen283
\l__siunitx_angle_unit_dim=\dimen284
\l__siunitx_unit_int=\count331
\l__siunitx_unit_denominator_int=\count332
\l__siunitx_unit_numerator_int=\count333
\l__siunitx_unit_prefix_int=\count334
\l__siunitx_unit_prefix_base_int=\count335
\l__siunitx_unit_prefix_gram_int=\count336
\l__siunitx_number_product_int=\count337
\c__siunitx_one_fill_skip=\skip96
\l__siunitx_table_unit_align_skip=\skip97
\l__siunitx_table_exponent_dim=\dimen285
\l__siunitx_table_integer_dim=\dimen286
\l__siunitx_table_mantissa_dim=\dimen287
\l__siunitx_table_marker_dim=\dimen288
\l__siunitx_table_result_dim=\dimen289
\l__siunitx_table_uncert_dim=\dimen290
\l__siunitx_table_fill_pre_dim=\dimen291
\l__siunitx_table_fill_post_dim=\dimen292
\l__siunitx_table_fill_mid_dim=\dimen293
\l__siunitx_table_pre_box=\box73
\l__siunitx_table_post_box=\box74
\l__siunitx_table_mantissa_box=\box75
\l__siunitx_table_result_box=\box76
\l__siunitx_table_number_align_skip=\skip98
\l__siunitx_table_text_align_skip=\skip99

("C:\Program Files\MiKTeX 2.9\tex\latex\translator\translator.sty"
Package: translator 2018/01/04 v1.12 Easy translation of strings in LaTeX
))
("C:\Users\marin\AppData\Local\Programs\MiKTeX 2.9\tex\latex\tools\longtable.st
y"
Package: longtable 2014/10/28 v4.11 Multi-page Table package (DPC)
\LTleft=\skip100
\LTright=\skip101
\LTpre=\skip102
\LTpost=\skip103
\LTchunksize=\count338
\LTcapwidth=\dimen294
\LT@head=\box77
\LT@firsthead=\box78
\LT@foot=\box79
\LT@lastfoot=\box80
\LT@cols=\count339
\LT@rows=\count340
\c@LT@tables=\count341
\c@LT@chunks=\count342
\LT@p@ftn=\toks39
)
Class scrbook Info: longtable captions redefined on input line 79.

("C:\Users\marin\AppData\Local\Programs\MiKTeX 2.9\tex\generic\pdftex\glyphtoun
icode.tex")
("C:\Program Files\MiKTeX 2.9\tex\latex\koma-script\scrlayer-scrpage.sty"
Package: scrlayer-scrpage 2018/03/30 v3.25 KOMA-Script package (end user interf
ace for scrlayer)

("C:\Program Files\MiKTeX 2.9\tex\latex\koma-script\scrlayer.sty"
Package: scrlayer 2018/03/30 v3.25 KOMA-Script package (defining layers and pag
e styles)
Package scrlayer Info: Using already defined \footheight
(scrlayer)             hoping, that this is a length and
(scrlayer)             not only a macro on input line 109.
Package scrlayer Info: patching LaTeX kernel macro \pagestyle on input line 199
7.
)
Package scrlayer-scrpage Info: Makeing stand-alone element `pagehead' from
(scrlayer-scrpage)             alias to `pageheadfoot' on input line 1241.
Package scrlayer-scrpage Info: deactivating warning for font element
(scrlayer-scrpage)             `pagefoot' on input line 1268.
)
Package scrlayer-scrpage Info: auto-selection of `pagestyleset=KOMA-Script'.

1: section
1: chapter
1: chapter
1: section
(text/00_pandoclisting.tex
("C:\Program Files\MiKTeX 2.9\tex\latex\fancyvrb\fancyvrb.sty"
Package: fancyvrb 2018/11/20

Style option: `fancyvrb' v3.1a <2018/11/20> (tvz)
\FV@CodeLineNo=\count343
\FV@InFile=\read3
\FV@TabBox=\box81
\c@FancyVerbLine=\count344
\FV@StepNumber=\count345
\FV@OutFile=\write5
))
("C:\Program Files\MiKTeX 2.9\tex\latex\koma-script\scrhack.sty"
Package: scrhack 2018/03/30 v3.25 KOMA-Script package 

("C:\Program Files\MiKTeX 2.9\tex\latex\xpatch\xpatch.sty"
Package: xpatch 2012/10/02 v0.3 Extending etoolbox patching commands

("C:\Program Files\MiKTeX 2.9\tex\latex\etoolbox\etoolbox.sty"
Package: etoolbox 2018/08/19 v2.5f e-TeX tools for LaTeX (JAW)
\etb@tempcnta=\count346
))
Package scrhack Info: loading listings hack on input line 181.

("C:\Program Files\MiKTeX 2.9\tex\latex\koma-script\listings.hak"
File: listings.hak 2018/03/30 v3.25 KOMA-Script package (hacking package listin
gs)
Package tocbasic Info: setting babel extension for `lol' on input line 137.
Package scrhack Info: redefining \lstlistoflistings on input line 137.
))
Package scrhack Info: hyperref hack deactivated because of
(scrhack)             detection of KOMA-Script class, that doesn't
(scrhack)             need that hack, on input line 169.

("C:\Users\marin\AppData\Local\Programs\MiKTeX 2.9\tex\latex\hyperref\hyperref.
sty"
Package: hyperref 2018/09/30 v6.88a Hypertext links for LaTeX

("C:\Users\marin\AppData\Local\Programs\MiKTeX 2.9\tex\generic\oberdiek\hobsub-
hyperref.sty"
Package: hobsub-hyperref 2016/05/16 v1.14 Bundle oberdiek, subset hyperref (HO)


("C:\Users\marin\AppData\Local\Programs\MiKTeX 2.9\tex\generic\oberdiek\hobsub-
generic.sty"
Package: hobsub-generic 2016/05/16 v1.14 Bundle oberdiek, subset generic (HO)
Package: hobsub 2016/05/16 v1.14 Construct package bundles (HO)
Package: infwarerr 2016/05/16 v1.4 Providing info/warning/error messages (HO)
Package: ltxcmds 2016/05/16 v1.23 LaTeX kernel commands for general use (HO)
Package: ifluatex 2016/05/16 v1.4 Provides the ifluatex switch (HO)
Package ifluatex Info: LuaTeX not detected.
Package: ifvtex 2016/05/16 v1.6 Detect VTeX and its facilities (HO)
Package ifvtex Info: VTeX not detected.
Package: intcalc 2016/05/16 v1.2 Expandable calculations with integers (HO)
Package: ifpdf 2018/09/07 v3.3 Provides the ifpdf switch
Package: etexcmds 2016/05/16 v1.6 Avoid name clashes with e-TeX commands (HO)
Package etexcmds Info: Could not find \expanded.
(etexcmds)             That can mean that you are not using pdfTeX 1.50 or
(etexcmds)             that some package has redefined \expanded.
(etexcmds)             In the latter case, load this package earlier.
Package: kvsetkeys 2016/05/16 v1.17 Key value parser (HO)
Package: kvdefinekeys 2016/05/16 v1.4 Define keys (HO)
Package: pdftexcmds 2018/09/10 v0.29 Utility functions of pdfTeX for LuaTeX (HO
)
Package pdftexcmds Info: LuaTeX not detected.
Package pdftexcmds Info: \pdf@primitive is available.
Package pdftexcmds Info: \pdf@ifprimitive is available.
Package pdftexcmds Info: \pdfdraftmode found.
Package: pdfescape 2016/05/16 v1.14 Implements pdfTeX's escape features (HO)
Package: bigintcalc 2016/05/16 v1.4 Expandable calculations on big integers (HO
)
Package: bitset 2016/05/16 v1.2 Handle bit-vector datatype (HO)
Package: uniquecounter 2016/05/16 v1.3 Provide unlimited unique counter (HO)
)
Package hobsub Info: Skipping package `hobsub' (already loaded).
Package: letltxmacro 2016/05/16 v1.5 Let assignment for LaTeX macros (HO)
Package: hopatch 2016/05/16 v1.3 Wrapper for package hooks (HO)
Package: xcolor-patch 2016/05/16 xcolor patch
Package: atveryend 2016/05/16 v1.9 Hooks at the very end of document (HO)
Package: atbegshi 2016/06/09 v1.18 At begin shipout hook (HO)
Package: refcount 2016/05/16 v3.5 Data extraction from label references (HO)
Package: hycolor 2016/05/16 v1.8 Color options for hyperref/bookmark (HO)
)
("C:\Users\marin\AppData\Local\Programs\MiKTeX 2.9\tex\generic\ifxetex\ifxetex.
sty"
Package: ifxetex 2010/09/12 v0.6 Provides ifxetex conditional
)
("C:\Users\marin\AppData\Local\Programs\MiKTeX 2.9\tex\latex\oberdiek\auxhook.s
ty"
Package: auxhook 2016/05/16 v1.4 Hooks for auxiliary files (HO)
)
("C:\Users\marin\AppData\Local\Programs\MiKTeX 2.9\tex\latex\oberdiek\kvoptions
.sty"
Package: kvoptions 2016/05/16 v3.12 Key value format for package options (HO)
)
\@linkdim=\dimen295
\Hy@linkcounter=\count347
\Hy@pagecounter=\count348

("C:\Users\marin\AppData\Local\Programs\MiKTeX 2.9\tex\latex\hyperref\pd1enc.de
f"
File: pd1enc.def 2018/09/30 v6.88a Hyperref: PDFDocEncoding definition (HO)
Now handling font encoding PD1 ...
... no UTF-8 mapping file for font encoding PD1
)
\Hy@SavedSpaceFactor=\count349

("C:\Users\marin\AppData\Local\Programs\MiKTeX 2.9\tex\latex\00miktex\hyperref.
cfg"
File: hyperref.cfg 2002/06/06 v1.2 hyperref configuration of TeXLive
)
Package hyperref Info: Option `unicode' set `true' on input line 4409.

("C:\Users\marin\AppData\Local\Programs\MiKTeX 2.9\tex\latex\hyperref\puenc.def
"
File: puenc.def 2018/09/30 v6.88a Hyperref: PDF Unicode definition (HO)
Now handling font encoding PU ...
... no UTF-8 mapping file for font encoding PU
)
Package hyperref Info: Option `bookmarks' set `true' on input line 4409.
Package hyperref Info: Option `bookmarksnumbered' set `false' on input line 440
9.
Package hyperref Info: Option `bookmarksopen' set `false' on input line 4409.
Package hyperref Info: Option `breaklinks' set `true' on input line 4409.
Package hyperref Info: Option `colorlinks' set `false' on input line 4409.
Package hyperref Info: Hyper figures OFF on input line 4535.
Package hyperref Info: Link nesting OFF on input line 4540.
Package hyperref Info: Hyper index ON on input line 4543.
Package hyperref Info: Plain pages OFF on input line 4550.
Package hyperref Info: Backreferencing OFF on input line 4555.
Package hyperref Info: Implicit mode ON; LaTeX internals redefined.
Package hyperref Info: Bookmarks ON on input line 4788.
\c@Hy@tempcnt=\count350
LaTeX Info: Redefining \url on input line 5141.
\XeTeXLinkMargin=\dimen296
\Fld@menulength=\count351
\Field@Width=\dimen297
\Fld@charsize=\dimen298
Package hyperref Info: Hyper figures OFF on input line 6396.
Package hyperref Info: Link nesting OFF on input line 6401.
Package hyperref Info: Hyper index ON on input line 6404.
Package hyperref Info: backreferencing OFF on input line 6411.
Package hyperref Info: Link coloring OFF on input line 6416.
Package hyperref Info: Link coloring with OCG OFF on input line 6421.
Package hyperref Info: PDF/A mode OFF on input line 6426.
LaTeX Info: Redefining \ref on input line 6466.
LaTeX Info: Redefining \pageref on input line 6470.
\Hy@abspage=\count352
\c@Item=\count353
\c@Hfootnote=\count354
)
Package hyperref Info: Driver (autodetected): hpdftex.

("C:\Users\marin\AppData\Local\Programs\MiKTeX 2.9\tex\latex\hyperref\hpdftex.d
ef"
File: hpdftex.def 2018/09/30 v6.88a Hyperref driver for pdfTeX
\Fld@listcount=\count355
\c@bookmark@seq@number=\count356

("C:\Users\marin\AppData\Local\Programs\MiKTeX 2.9\tex\latex\oberdiek\rerunfile
check.sty"
Package: rerunfilecheck 2016/05/16 v1.8 Rerun checks for auxiliary files (HO)
Package uniquecounter Info: New unique counter `rerunfilecheck' on input line 2
82.
)
\Hy@SectionHShift=\skip104
) (diplomarbeit.aux)
\openout1 = `diplomarbeit.aux'.

LaTeX Font Info:    Checking defaults for OML/cmm/m/it on input line 191.
LaTeX Font Info:    ... okay on input line 191.
LaTeX Font Info:    Checking defaults for T1/cmr/m/n on input line 191.
LaTeX Font Info:    ... okay on input line 191.
LaTeX Font Info:    Checking defaults for OT1/cmr/m/n on input line 191.
LaTeX Font Info:    ... okay on input line 191.
LaTeX Font Info:    Checking defaults for OMS/cmsy/m/n on input line 191.
LaTeX Font Info:    ... okay on input line 191.
LaTeX Font Info:    Checking defaults for OMX/cmex/m/n on input line 191.
LaTeX Font Info:    ... okay on input line 191.
LaTeX Font Info:    Checking defaults for U/cmr/m/n on input line 191.
LaTeX Font Info:    ... okay on input line 191.
LaTeX Font Info:    Checking defaults for PD1/pdf/m/n on input line 191.
LaTeX Font Info:    ... okay on input line 191.
LaTeX Font Info:    Checking defaults for PU/pdf/m/n on input line 191.
LaTeX Font Info:    ... okay on input line 191.
LaTeX Font Info:    Try loading font information for T1+lmr on input line 191.

("C:\Users\marin\AppData\Local\Programs\MiKTeX 2.9\tex\latex\lm\t1lmr.fd"
File: t1lmr.fd 2009/10/30 v1.6 Font defs for Latin Modern
)
Package lastpage Info: Please have a look at the pageslts package at
(lastpage)             https://www.ctan.org/pkg/pageslts
(lastpage)             ! on input line 191.
\c@lstlisting=\count357

("C:\Program Files\MiKTeX 2.9\tex\context\base\supp-pdf.mkii"
[Loading MPS to PDF converter (version 2006.09.02).]
\scratchcounter=\count358
\scratchdimen=\dimen299
\scratchbox=\box82
\nofMPsegments=\count359
\nofMParguments=\count360
\everyMPshowfont=\toks40
\MPscratchCnt=\count361
\MPscratchDim=\dimen300
\MPnumerator=\count362
\makeMPintoPDFobject=\count363
\everyMPtoPDFconversion=\toks41
)
("C:\Users\marin\AppData\Local\Programs\MiKTeX 2.9\tex\latex\oberdiek\epstopdf-
base.sty"
Package: epstopdf-base 2016/05/15 v2.6 Base part for package epstopdf

("C:\Users\marin\AppData\Local\Programs\MiKTeX 2.9\tex\latex\oberdiek\grfext.st
y"
Package: grfext 2016/05/16 v1.2 Manage graphics extensions (HO)
)
Package epstopdf-base Info: Redefining graphics rule for `.eps' on input line 4
38.
Package grfext Info: Graphics extension search list:
(grfext)             [.pdf,.png,.jpg,.mps,.jpeg,.jbig2,.jb2,.PDF,.PNG,.JPG,.JPE
G,.JBIG2,.JB2,.eps]
(grfext)             \AppendGraphicsExtensions on input line 456.
)
LaTeX Info: Redefining \microtypecontext on input line 191.
Package microtype Info: Generating PDF output.
Package microtype Info: Character protrusion enabled (level 2).
Package microtype Info: Using protrusion set `basicmath'.
Package microtype Info: Automatic font expansion enabled (level 2),
(microtype)             stretch: 20, shrink: 20, step: 1, non-selected.
Package microtype Info: Using default expansion set `basictext'.
Package microtype Info: No adjustment of tracking.
Package microtype Info: No adjustment of interword spacing.
Package microtype Info: No adjustment of character kerning.
 ("C:\Program Files\MiKTeX 2.9\tex\latex\microtype\mt-cmr.cfg"
File: mt-cmr.cfg 2013/05/19 v2.2 microtype config. file: Computer Modern Roman 
(RS)
)
Package caption Info: Begin \AtBeginDocument code.
Package caption Info: hyperref package is loaded.
Package caption Info: longtable package is loaded.

("C:\Program Files\MiKTeX 2.9\tex\latex\caption\ltcaption.sty"
Package: ltcaption 2018/08/26 v1.4-95 longtable captions (AR)
)
Package caption Info: End \AtBeginDocument code.

ABD: EveryShipout initializing macros
Now handling font encoding TS1 ...
... processing UTF-8 mapping file for font encoding TS1

("C:\Users\marin\AppData\Local\Programs\MiKTeX 2.9\tex\latex\base\ts1enc.dfu"
File: ts1enc.dfu 2018/04/05 v1.2c UTF-8 support for inputenc
   defining Unicode char U+00A2 (decimal 162)
   defining Unicode char U+00A3 (decimal 163)
   defining Unicode char U+00A4 (decimal 164)
   defining Unicode char U+00A5 (decimal 165)
   defining Unicode char U+00A6 (decimal 166)
   defining Unicode char U+00A7 (decimal 167)
   defining Unicode char U+00A8 (decimal 168)
   defining Unicode char U+00A9 (decimal 169)
   defining Unicode char U+00AA (decimal 170)
   defining Unicode char U+00AC (decimal 172)
   defining Unicode char U+00AE (decimal 174)
   defining Unicode char U+00AF (decimal 175)
   defining Unicode char U+00B0 (decimal 176)
   defining Unicode char U+00B1 (decimal 177)
   defining Unicode char U+00B2 (decimal 178)
   defining Unicode char U+00B3 (decimal 179)
   defining Unicode char U+00B4 (decimal 180)
   defining Unicode char U+00B5 (decimal 181)
   defining Unicode char U+00B6 (decimal 182)
   defining Unicode char U+00B7 (decimal 183)
   defining Unicode char U+00B9 (decimal 185)
   defining Unicode char U+00BA (decimal 186)
   defining Unicode char U+00BC (decimal 188)
   defining Unicode char U+00BD (decimal 189)
   defining Unicode char U+00BE (decimal 190)
   defining Unicode char U+00D7 (decimal 215)
   defining Unicode char U+00F7 (decimal 247)
   defining Unicode char U+0192 (decimal 402)
   defining Unicode char U+02C7 (decimal 711)
   defining Unicode char U+02D8 (decimal 728)
   defining Unicode char U+02DD (decimal 733)
   defining Unicode char U+0E3F (decimal 3647)
   defining Unicode char U+2016 (decimal 8214)
   defining Unicode char U+2020 (decimal 8224)
   defining Unicode char U+2021 (decimal 8225)
   defining Unicode char U+2022 (decimal 8226)
   defining Unicode char U+2030 (decimal 8240)
   defining Unicode char U+2031 (decimal 8241)
   defining Unicode char U+203B (decimal 8251)
   defining Unicode char U+203D (decimal 8253)
   defining Unicode char U+2044 (decimal 8260)
   defining Unicode char U+204E (decimal 8270)
   defining Unicode char U+2052 (decimal 8274)
   defining Unicode char U+20A1 (decimal 8353)
   defining Unicode char U+20A4 (decimal 8356)
   defining Unicode char U+20A6 (decimal 8358)
   defining Unicode char U+20A9 (decimal 8361)
   defining Unicode char U+20AB (decimal 8363)
   defining Unicode char U+20AC (decimal 8364)
   defining Unicode char U+20B1 (decimal 8369)
   defining Unicode char U+2103 (decimal 8451)
   defining Unicode char U+2116 (decimal 8470)
   defining Unicode char U+2117 (decimal 8471)
   defining Unicode char U+211E (decimal 8478)
   defining Unicode char U+2120 (decimal 8480)
   defining Unicode char U+2122 (decimal 8482)
   defining Unicode char U+2126 (decimal 8486)
   defining Unicode char U+2127 (decimal 8487)
   defining Unicode char U+212E (decimal 8494)
   defining Unicode char U+2190 (decimal 8592)
   defining Unicode char U+2191 (decimal 8593)
   defining Unicode char U+2192 (decimal 8594)
   defining Unicode char U+2193 (decimal 8595)
   defining Unicode char U+2329 (decimal 9001)
   defining Unicode char U+232A (decimal 9002)
   defining Unicode char U+2422 (decimal 9250)
   defining Unicode char U+25E6 (decimal 9702)
   defining Unicode char U+25EF (decimal 9711)
   defining Unicode char U+266A (decimal 9834)
   defining Unicode char U+FEFF (decimal 65279)
)
("C:\Program Files\MiKTeX 2.9\tex\latex\translator\translator-basic-dictionary-
English.dict"
Dictionary: translator-basic-dictionary, Language: English 
)
("C:\Program Files\MiKTeX 2.9\tex\latex\siunitx\siunitx-abbreviations.cfg"
File: siunitx-abbreviations.cfg 2017/11/26 v2.7k siunitx: Abbreviated units
)
("C:\Program Files\MiKTeX 2.9\tex\latex\siunitx\siunitx-binary.cfg"
File: siunitx-binary.cfg 2017/11/26 v2.7k siunitx: Binary units
)
Package scrhack Info: undefining \float@addtolists on input line 191.
\AtBeginShipoutBox=\box83
Package hyperref Info: Link coloring OFF on input line 191.

("C:\Users\marin\AppData\Local\Programs\MiKTeX 2.9\tex\latex\hyperref\nameref.s
ty"
Package: nameref 2016/05/21 v2.44 Cross-referencing by name of section

("C:\Users\marin\AppData\Local\Programs\MiKTeX 2.9\tex\generic\oberdiek\gettitl
estring.sty"
Package: gettitlestring 2016/05/16 v1.5 Cleanup title references (HO)
)
\c@section@level=\count364
)
LaTeX Info: Redefining \ref on input line 191.
LaTeX Info: Redefining \pageref on input line 191.
LaTeX Info: Redefining \nameref on input line 191.
 (diplomarbeit.out) (diplomarbeit.out)
\@outlinefile=\write6
\openout6 = `diplomarbeit.out'.

LaTeX Font Info:    Try loading font information for OT1+lmr on input line 191.


("C:\Users\marin\AppData\Local\Programs\MiKTeX 2.9\tex\latex\lm\ot1lmr.fd"
File: ot1lmr.fd 2009/10/30 v1.6 Font defs for Latin Modern
)
LaTeX Font Info:    Try loading font information for OML+lmm on input line 191.


("C:\Users\marin\AppData\Local\Programs\MiKTeX 2.9\tex\latex\lm\omllmm.fd"
File: omllmm.fd 2009/10/30 v1.6 Font defs for Latin Modern
)
LaTeX Font Info:    Try loading font information for OMS+lmsy on input line 191
.

("C:\Users\marin\AppData\Local\Programs\MiKTeX 2.9\tex\latex\lm\omslmsy.fd"
File: omslmsy.fd 2009/10/30 v1.6 Font defs for Latin Modern
)
LaTeX Font Info:    Try loading font information for OMX+lmex on input line 191
.

("C:\Users\marin\AppData\Local\Programs\MiKTeX 2.9\tex\latex\lm\omxlmex.fd"
File: omxlmex.fd 2009/10/30 v1.6 Font defs for Latin Modern
)
LaTeX Font Info:    External font `lmex10' loaded for size
(Font)              <12> on input line 191.
LaTeX Font Info:    External font `lmex10' loaded for size
(Font)              <8> on input line 191.
LaTeX Font Info:    External font `lmex10' loaded for size
(Font)              <6> on input line 191.
LaTeX Font Info:    Try loading font information for OT1+lmss on input line 191
.

("C:\Users\marin\AppData\Local\Programs\MiKTeX 2.9\tex\latex\lm\ot1lmss.fd"
File: ot1lmss.fd 2009/10/30 v1.6 Font defs for Latin Modern
)
Package microtype Info: Loading generic protrusion settings for font family
(microtype)             `lmss' (encoding: OT1).
(microtype)             For optimal results, create family-specific settings.
(microtype)             See the microtype manual for details.
LaTeX Font Info:    Try loading font information for OT1+lmtt on input line 191
.

("C:\Users\marin\AppData\Local\Programs\MiKTeX 2.9\tex\latex\lm\ot1lmtt.fd"
File: ot1lmtt.fd 2009/10/30 v1.6 Font defs for Latin Modern
)
(text/00_latex_shortcuts.tex)
Package epstopdf Info: Source file: <HTL3RLogoRGB.eps>
(epstopdf)                    date: 2018-09-02 16:02:32
(epstopdf)                    size: 525362 bytes
(epstopdf)             Output file: <HTL3RLogoRGB-eps-converted-to.pdf>
(epstopdf)                    date: 2018-12-19 15:03:53
(epstopdf)                    size: 14771 bytes
(epstopdf)             Command: <epstopdf --outfile=HTL3RLogoRGB-eps-converted-
to.pdf HTL3RLogoRGB.eps>
(epstopdf)             \includegraphics on input line 204.
Package epstopdf Info: Output file is already uptodate.


pdfTeX warning: pdflatex (file ./HTL3RLogoRGB-eps-converted-to.pdf): PDF inclus
ion: found PDF version <1.7>, but at most version <1.5> allowed
<HTL3RLogoRGB-eps-converted-to.pdf, id=146, 357.335pt x 136.51pt>
File: HTL3RLogoRGB-eps-converted-to.pdf Graphic file (type pdf)
<use HTL3RLogoRGB-eps-converted-to.pdf>
Package pdftex.def Info: HTL3RLogoRGB-eps-converted-to.pdf  used on input line 
204.
(pdftex.def)             Requested size: 128.03526pt x 48.91234pt.
Package microtype Info: Character `029' is missing
(microtype)             in font `T1/lmr/m/sc/10'.
(microtype)             Ignoring protrusion settings for this character.

Underfull \hbox (badness 10000) in paragraph at lines 211--211

 []


Overfull \hbox (78.8237pt too wide) in paragraph at lines 204--213
[][]  [] 
 []


Overfull \hbox (11.74983pt too wide) in paragraph at lines 203--214
[][] 
 []

[1





{C:/Users/marin/AppData/Local/MiKTeX/2.9/pdftex/config/pdftex.map} <./HTL3RLogo
RGB-eps-converted-to.pdf>] [2


]
LaTeX Font Info:    Try loading font information for T1+lmss on input line 254.


("C:\Users\marin\AppData\Local\Programs\MiKTeX 2.9\tex\latex\lm\t1lmss.fd"
File: t1lmss.fd 2009/10/30 v1.6 Font defs for Latin Modern
)
Package microtype Info: Loading generic protrusion settings for font family
(microtype)             `lmss' (encoding: T1).
(microtype)             For optimal results, create family-specific settings.
(microtype)             See the microtype manual for details.

(text/00_kurzfassung.tex)
LaTeX Font Info:    External font `lmex10' loaded for size
(Font)              <10> on input line 257.
LaTeX Font Info:    External font `lmex10' loaded for size
(Font)              <7> on input line 257.
LaTeX Font Info:    External font `lmex10' loaded for size
(Font)              <5> on input line 257.
Package epstopdf Info: Source file: <HTL3RLogoRGB.eps>
(epstopdf)                    date: 2018-09-02 16:02:32
(epstopdf)                    size: 525362 bytes
(epstopdf)             Output file: <HTL3RLogoRGB-eps-converted-to.pdf>
(epstopdf)                    date: 2018-12-19 15:03:53
(epstopdf)                    size: 14771 bytes
(epstopdf)             Command: <epstopdf --outfile=HTL3RLogoRGB-eps-converted-
to.pdf HTL3RLogoRGB.eps>
(epstopdf)             \includegraphics on input line 257.
Package epstopdf Info: Output file is already uptodate.
File: HTL3RLogoRGB-eps-converted-to.pdf Graphic file (type pdf)
<use HTL3RLogoRGB-eps-converted-to.pdf>
Package pdftex.def Info: HTL3RLogoRGB-eps-converted-to.pdf  used on input line 
257.
(pdftex.def)             Requested size: 71.12767pt x 27.17236pt.
 [3] [4


] (text/00_abstract.tex)
Package epstopdf Info: Source file: <HTL3RLogoRGB.eps>
(epstopdf)                    date: 2018-09-02 16:02:32
(epstopdf)                    size: 525362 bytes
(epstopdf)             Output file: <HTL3RLogoRGB-eps-converted-to.pdf>
(epstopdf)                    date: 2018-12-19 15:03:53
(epstopdf)                    size: 14771 bytes
(epstopdf)             Command: <epstopdf --outfile=HTL3RLogoRGB-eps-converted-
to.pdf HTL3RLogoRGB.eps>
(epstopdf)             \includegraphics on input line 262.
Package epstopdf Info: Output file is already uptodate.
File: HTL3RLogoRGB-eps-converted-to.pdf Graphic file (type pdf)
<use HTL3RLogoRGB-eps-converted-to.pdf>
Package pdftex.def Info: HTL3RLogoRGB-eps-converted-to.pdf  used on input line 
262.
(pdftex.def)             Requested size: 71.12767pt x 27.17236pt.
 [5] [6


]
(text/00_erklaerung.tex)
Package epstopdf Info: Source file: <HTL3RLogoRGB.eps>
(epstopdf)                    date: 2018-09-02 16:02:32
(epstopdf)                    size: 525362 bytes
(epstopdf)             Output file: <HTL3RLogoRGB-eps-converted-to.pdf>
(epstopdf)                    date: 2018-12-19 15:03:53
(epstopdf)                    size: 14771 bytes
(epstopdf)             Command: <epstopdf --outfile=HTL3RLogoRGB-eps-converted-
to.pdf HTL3RLogoRGB.eps>
(epstopdf)             \includegraphics on input line 266.
Package epstopdf Info: Output file is already uptodate.
File: HTL3RLogoRGB-eps-converted-to.pdf Graphic file (type pdf)
<use HTL3RLogoRGB-eps-converted-to.pdf>
Package pdftex.def Info: HTL3RLogoRGB-eps-converted-to.pdf  used on input line 
266.
(pdftex.def)             Requested size: 71.12767pt x 27.17236pt.
 [7] [8


]
Package tocbasic Info: character protrusion at toc deactivated on input line 26
7.
 (diplomarbeit.toc

Package natbib Warning: Citation `AngularFrontend' on page ix undefined on inpu
t line 49.

)
\tf@toc=\write7
\openout7 = `diplomarbeit.toc'.

Package epstopdf Info: Source file: <HTL3RLogoRGB.eps>
(epstopdf)                    date: 2018-09-02 16:02:32
(epstopdf)                    size: 525362 bytes
(epstopdf)             Output file: <HTL3RLogoRGB-eps-converted-to.pdf>
(epstopdf)                    date: 2018-12-19 15:03:53
(epstopdf)                    size: 14771 bytes
(epstopdf)             Command: <epstopdf --outfile=HTL3RLogoRGB-eps-converted-
to.pdf HTL3RLogoRGB.eps>
(epstopdf)             \includegraphics on input line 268.
Package epstopdf Info: Output file is already uptodate.
File: HTL3RLogoRGB-eps-converted-to.pdf Graphic file (type pdf)
<use HTL3RLogoRGB-eps-converted-to.pdf>
Package pdftex.def Info: HTL3RLogoRGB-eps-converted-to.pdf  used on input line 
268.
(pdftex.def)             Requested size: 71.12767pt x 27.17236pt.
 [9


] [10


]
Package tocbasic Info: character protrusion at lof deactivated on input line 26
9.
 (diplomarbeit.lof)
\tf@lof=\write8
\openout8 = `diplomarbeit.lof'.

Package epstopdf Info: Source file: <HTL3RLogoRGB.eps>
(epstopdf)                    date: 2018-09-02 16:02:32
(epstopdf)                    size: 525362 bytes
(epstopdf)             Output file: <HTL3RLogoRGB-eps-converted-to.pdf>
(epstopdf)                    date: 2018-12-19 15:03:53
(epstopdf)                    size: 14771 bytes
(epstopdf)             Command: <epstopdf --outfile=HTL3RLogoRGB-eps-converted-
to.pdf HTL3RLogoRGB.eps>
(epstopdf)             \includegraphics on input line 273.
Package epstopdf Info: Output file is already uptodate.
File: HTL3RLogoRGB-eps-converted-to.pdf Graphic file (type pdf)
<use HTL3RLogoRGB-eps-converted-to.pdf>
Package pdftex.def Info: HTL3RLogoRGB-eps-converted-to.pdf  used on input line 
273.
(pdftex.def)             Requested size: 71.12767pt x 27.17236pt.
 [11


] [12


]
chapter 1.
(text/02_idee.tex)
Package epstopdf Info: Source file: <HTL3RLogoRGB.eps>
(epstopdf)                    date: 2018-09-02 16:02:32
(epstopdf)                    size: 525362 bytes
(epstopdf)             Output file: <HTL3RLogoRGB-eps-converted-to.pdf>
(epstopdf)                    date: 2018-12-19 15:03:53
(epstopdf)                    size: 14771 bytes
(epstopdf)             Command: <epstopdf --outfile=HTL3RLogoRGB-eps-converted-
to.pdf HTL3RLogoRGB.eps>
(epstopdf)             \includegraphics on input line 281.
Package epstopdf Info: Output file is already uptodate.
File: HTL3RLogoRGB-eps-converted-to.pdf Graphic file (type pdf)
<use HTL3RLogoRGB-eps-converted-to.pdf>
Package pdftex.def Info: HTL3RLogoRGB-eps-converted-to.pdf  used on input line 
281.
(pdftex.def)             Requested size: 71.12767pt x 27.17236pt.
 [1




] [2


]
chapter 2.
(text/01_ziele.tex
Package epstopdf Info: Source file: <HTL3RLogoRGB.eps>
(epstopdf)                    date: 2018-09-02 16:02:32
(epstopdf)                    size: 525362 bytes
(epstopdf)             Output file: <HTL3RLogoRGB-eps-converted-to.pdf>
(epstopdf)                    date: 2018-12-19 15:03:53
(epstopdf)                    size: 14771 bytes
(epstopdf)             Command: <epstopdf --outfile=HTL3RLogoRGB-eps-converted-
to.pdf HTL3RLogoRGB.eps>
(epstopdf)             \includegraphics on input line 21.
Package epstopdf Info: Output file is already uptodate.
File: HTL3RLogoRGB-eps-converted-to.pdf Graphic file (type pdf)
<use HTL3RLogoRGB-eps-converted-to.pdf>
Package pdftex.def Info: HTL3RLogoRGB-eps-converted-to.pdf  used on input line 
21.
(pdftex.def)             Requested size: 71.12767pt x 27.17236pt.
 [3])
Package epstopdf Info: Source file: <HTL3RLogoRGB.eps>
(epstopdf)                    date: 2018-09-02 16:02:32
(epstopdf)                    size: 525362 bytes
(epstopdf)             Output file: <HTL3RLogoRGB-eps-converted-to.pdf>
(epstopdf)                    date: 2018-12-19 15:03:53
(epstopdf)                    size: 14771 bytes
(epstopdf)             Command: <epstopdf --outfile=HTL3RLogoRGB-eps-converted-
to.pdf HTL3RLogoRGB.eps>
(epstopdf)             \includegraphics on input line 284.
Package epstopdf Info: Output file is already uptodate.
File: HTL3RLogoRGB-eps-converted-to.pdf Graphic file (type pdf)
<use HTL3RLogoRGB-eps-converted-to.pdf>
Package pdftex.def Info: HTL3RLogoRGB-eps-converted-to.pdf  used on input line 
284.
(pdftex.def)             Requested size: 71.12767pt x 27.17236pt.
 [4]
chapter 3.
(text/03_team.tex)
Package epstopdf Info: Source file: <HTL3RLogoRGB.eps>
(epstopdf)                    date: 2018-09-02 16:02:32
(epstopdf)                    size: 525362 bytes
(epstopdf)             Output file: <HTL3RLogoRGB-eps-converted-to.pdf>
(epstopdf)                    date: 2018-12-19 15:03:53
(epstopdf)                    size: 14771 bytes
(epstopdf)             Command: <epstopdf --outfile=HTL3RLogoRGB-eps-converted-
to.pdf HTL3RLogoRGB.eps>
(epstopdf)             \includegraphics on input line 287.
Package epstopdf Info: Output file is already uptodate.
File: HTL3RLogoRGB-eps-converted-to.pdf Graphic file (type pdf)
<use HTL3RLogoRGB-eps-converted-to.pdf>
Package pdftex.def Info: HTL3RLogoRGB-eps-converted-to.pdf  used on input line 
287.
(pdftex.def)             Requested size: 71.12767pt x 27.17236pt.
 [5


] [6


]
chapter 4.
(text/04_api.tex (text/04_1_Tabelle.tex
Overfull \hbox (9.80449pt too wide) in alignment at lines 1--28
 [] [] [] 
 []


Underfull \vbox (badness 10000) detected at line 28
 []

Package epstopdf Info: Source file: <HTL3RLogoRGB.eps>
(epstopdf)                    date: 2018-09-02 16:02:32
(epstopdf)                    size: 525362 bytes
(epstopdf)             Output file: <HTL3RLogoRGB-eps-converted-to.pdf>
(epstopdf)                    date: 2018-12-19 15:03:53
(epstopdf)                    size: 14771 bytes
(epstopdf)             Command: <epstopdf --outfile=HTL3RLogoRGB-eps-converted-
to.pdf HTL3RLogoRGB.eps>
(epstopdf)             \includegraphics on input line 28.
Package epstopdf Info: Output file is already uptodate.
File: HTL3RLogoRGB-eps-converted-to.pdf Graphic file (type pdf)
<use HTL3RLogoRGB-eps-converted-to.pdf>
Package pdftex.def Info: HTL3RLogoRGB-eps-converted-to.pdf  used on input line 
28.
(pdftex.def)             Requested size: 71.12767pt x 27.17236pt.
[7]
Overfull \hbox (9.80449pt too wide) in alignment at lines 28--40
 [] [] [] 
 []

)
Package epstopdf Info: Source file: <HTL3RLogoRGB.eps>
(epstopdf)                    date: 2018-09-02 16:02:32
(epstopdf)                    size: 525362 bytes
(epstopdf)             Output file: <HTL3RLogoRGB-eps-converted-to.pdf>
(epstopdf)                    date: 2018-12-19 15:03:53
(epstopdf)                    size: 14771 bytes
(epstopdf)             Command: <epstopdf --outfile=HTL3RLogoRGB-eps-converted-
to.pdf HTL3RLogoRGB.eps>
(epstopdf)             \includegraphics on input line 19.
Package epstopdf Info: Output file is already uptodate.
File: HTL3RLogoRGB-eps-converted-to.pdf Graphic file (type pdf)
<use HTL3RLogoRGB-eps-converted-to.pdf>
Package pdftex.def Info: HTL3RLogoRGB-eps-converted-to.pdf  used on input line 
19.
(pdftex.def)             Requested size: 71.12767pt x 27.17236pt.
 [8]
LaTeX Font Info:    Try loading font information for OMS+lmr on input line 31.
 ("C:\Users\marin\AppData\Local\Programs\MiKTeX 2.9\tex\latex\lm\omslmr.fd"
File: omslmr.fd 2009/10/30 v1.6 Font defs for Latin Modern
)
LaTeX Font Info:    Font shape `OMS/lmr/m/n' in size <12> not available
(Font)              Font shape `OMS/lmsy/m/n' tried instead on input line 31.
LaTeX Font Info:    Try loading font information for T1+lmtt on input line 39.
 ("C:\Users\marin\AppData\Local\Programs\MiKTeX 2.9\tex\latex\lm\t1lmtt.fd"
File: t1lmtt.fd 2009/10/30 v1.6 Font defs for Latin Modern
)
Overfull \hbox (2.48825pt too wide) in paragraph at lines 39--40
\T1/lmtt/m/n/12 src="http://platform.fatsecret.com/js?key=XXX&auto_load=true"><
/script>[]
 []


Underfull \vbox (badness 1635) has occurred while \output is active []

Package epstopdf Info: Source file: <HTL3RLogoRGB.eps>
(epstopdf)                    date: 2018-09-02 16:02:32
(epstopdf)                    size: 525362 bytes
(epstopdf)             Output file: <HTL3RLogoRGB-eps-converted-to.pdf>
(epstopdf)                    date: 2018-12-19 15:03:53
(epstopdf)                    size: 14771 bytes
(epstopdf)             Command: <epstopdf --outfile=HTL3RLogoRGB-eps-converted-
to.pdf HTL3RLogoRGB.eps>
(epstopdf)             \includegraphics on input line 40.
Package epstopdf Info: Output file is already uptodate.
File: HTL3RLogoRGB-eps-converted-to.pdf Graphic file (type pdf)
<use HTL3RLogoRGB-eps-converted-to.pdf>
Package pdftex.def Info: HTL3RLogoRGB-eps-converted-to.pdf  used on input line 
40.
(pdftex.def)             Requested size: 71.12767pt x 27.17236pt.
 [9]
Package epstopdf Info: Source file: <HTL3RLogoRGB.eps>
(epstopdf)                    date: 2018-09-02 16:02:32
(epstopdf)                    size: 525362 bytes
(epstopdf)             Output file: <HTL3RLogoRGB-eps-converted-to.pdf>
(epstopdf)                    date: 2018-12-19 15:03:53
(epstopdf)                    size: 14771 bytes
(epstopdf)             Command: <epstopdf --outfile=HTL3RLogoRGB-eps-converted-
to.pdf HTL3RLogoRGB.eps>
(epstopdf)             \includegraphics on input line 50.
Package epstopdf Info: Output file is already uptodate.
File: HTL3RLogoRGB-eps-converted-to.pdf Graphic file (type pdf)
<use HTL3RLogoRGB-eps-converted-to.pdf>
Package pdftex.def Info: HTL3RLogoRGB-eps-converted-to.pdf  used on input line 
50.
(pdftex.def)             Requested size: 71.12767pt x 27.17236pt.

[10])
Package epstopdf Info: Source file: <HTL3RLogoRGB.eps>
(epstopdf)                    date: 2018-09-02 16:02:32
(epstopdf)                    size: 525362 bytes
(epstopdf)             Output file: <HTL3RLogoRGB-eps-converted-to.pdf>
(epstopdf)                    date: 2018-12-19 15:03:53
(epstopdf)                    size: 14771 bytes
(epstopdf)             Command: <epstopdf --outfile=HTL3RLogoRGB-eps-converted-
to.pdf HTL3RLogoRGB.eps>
(epstopdf)             \includegraphics on input line 291.
Package epstopdf Info: Output file is already uptodate.
File: HTL3RLogoRGB-eps-converted-to.pdf Graphic file (type pdf)
<use HTL3RLogoRGB-eps-converted-to.pdf>
Package pdftex.def Info: HTL3RLogoRGB-eps-converted-to.pdf  used on input line 
291.
(pdftex.def)             Requested size: 71.12767pt x 27.17236pt.
 [11] [12


]
chapter 5.
Package epstopdf Info: Source file: <HTL3RLogoRGB.eps>
(epstopdf)                    date: 2018-09-02 16:02:32
(epstopdf)                    size: 525362 bytes
(epstopdf)             Output file: <HTL3RLogoRGB-eps-converted-to.pdf>
(epstopdf)                    date: 2018-12-19 15:03:53
(epstopdf)                    size: 14771 bytes
(epstopdf)             Command: <epstopdf --outfile=HTL3RLogoRGB-eps-converted-
to.pdf HTL3RLogoRGB.eps>
(epstopdf)             \includegraphics on input line 294.
Package epstopdf Info: Output file is already uptodate.
File: HTL3RLogoRGB-eps-converted-to.pdf Graphic file (type pdf)
<use HTL3RLogoRGB-eps-converted-to.pdf>
Package pdftex.def Info: HTL3RLogoRGB-eps-converted-to.pdf  used on input line 
294.
(pdftex.def)             Requested size: 71.12767pt x 27.17236pt.
[13] [14


]
chapter 6.
(text/05_datenbank.tex
Underfull \hbox (badness 10000) in paragraph at lines 5--7
[]\T1/lmr/m/n/12 (+20) Fr die in-ter-ne Da-ten-bank sind fol-gen-de An-for-de-
run-gen ge-setzt:
 []


Underfull \vbox (badness 10000) has occurred while \output is active []

Package epstopdf Info: Source file: <HTL3RLogoRGB.eps>
(epstopdf)                    date: 2018-09-02 16:02:32
(epstopdf)                    size: 525362 bytes
(epstopdf)             Output file: <HTL3RLogoRGB-eps-converted-to.pdf>
(epstopdf)                    date: 2018-12-19 15:03:53
(epstopdf)                    size: 14771 bytes
(epstopdf)             Command: <epstopdf --outfile=HTL3RLogoRGB-eps-converted-
to.pdf HTL3RLogoRGB.eps>
(epstopdf)             \includegraphics on input line 11.
Package epstopdf Info: Output file is already uptodate.
File: HTL3RLogoRGB-eps-converted-to.pdf Graphic file (type pdf)
<use HTL3RLogoRGB-eps-converted-to.pdf>
Package pdftex.def Info: HTL3RLogoRGB-eps-converted-to.pdf  used on input line 
11.
(pdftex.def)             Requested size: 71.12767pt x 27.17236pt.
 [15]
Package epstopdf Info: Source file: <HTL3RLogoRGB.eps>
(epstopdf)                    date: 2018-09-02 16:02:32
(epstopdf)                    size: 525362 bytes
(epstopdf)             Output file: <HTL3RLogoRGB-eps-converted-to.pdf>
(epstopdf)                    date: 2018-12-19 15:03:53
(epstopdf)                    size: 14771 bytes
(epstopdf)             Command: <epstopdf --outfile=HTL3RLogoRGB-eps-converted-
to.pdf HTL3RLogoRGB.eps>
(epstopdf)             \includegraphics on input line 24.
Package epstopdf Info: Output file is already uptodate.
File: HTL3RLogoRGB-eps-converted-to.pdf Graphic file (type pdf)
<use HTL3RLogoRGB-eps-converted-to.pdf>
Package pdftex.def Info: HTL3RLogoRGB-eps-converted-to.pdf  used on input line 
24.
(pdftex.def)             Requested size: 71.12767pt x 27.17236pt.

[16]
Package epstopdf Info: Source file: <HTL3RLogoRGB.eps>
(epstopdf)                    date: 2018-09-02 16:02:32
(epstopdf)                    size: 525362 bytes
(epstopdf)             Output file: <HTL3RLogoRGB-eps-converted-to.pdf>
(epstopdf)                    date: 2018-12-19 15:03:53
(epstopdf)                    size: 14771 bytes
(epstopdf)             Command: <epstopdf --outfile=HTL3RLogoRGB-eps-converted-
to.pdf HTL3RLogoRGB.eps>
(epstopdf)             \includegraphics on input line 37.
Package epstopdf Info: Output file is already uptodate.
File: HTL3RLogoRGB-eps-converted-to.pdf Graphic file (type pdf)
<use HTL3RLogoRGB-eps-converted-to.pdf>
Package pdftex.def Info: HTL3RLogoRGB-eps-converted-to.pdf  used on input line 
37.
(pdftex.def)             Requested size: 71.12767pt x 27.17236pt.
 [17]
Package epstopdf Info: Source file: <HTL3RLogoRGB.eps>
(epstopdf)                    date: 2018-09-02 16:02:32
(epstopdf)                    size: 525362 bytes
(epstopdf)             Output file: <HTL3RLogoRGB-eps-converted-to.pdf>
(epstopdf)                    date: 2018-12-19 15:03:53
(epstopdf)                    size: 14771 bytes
(epstopdf)             Command: <epstopdf --outfile=HTL3RLogoRGB-eps-converted-
to.pdf HTL3RLogoRGB.eps>
(epstopdf)             \includegraphics on input line 49.
Package epstopdf Info: Output file is already uptodate.
File: HTL3RLogoRGB-eps-converted-to.pdf Graphic file (type pdf)
<use HTL3RLogoRGB-eps-converted-to.pdf>
Package pdftex.def Info: HTL3RLogoRGB-eps-converted-to.pdf  used on input line 
49.
(pdftex.def)             Requested size: 71.12767pt x 27.17236pt.
 [18]
Package epstopdf Info: Source file: <HTL3RLogoRGB.eps>
(epstopdf)                    date: 2018-09-02 16:02:32
(epstopdf)                    size: 525362 bytes
(epstopdf)             Output file: <HTL3RLogoRGB-eps-converted-to.pdf>
(epstopdf)                    date: 2018-12-19 15:03:53
(epstopdf)                    size: 14771 bytes
(epstopdf)             Command: <epstopdf --outfile=HTL3RLogoRGB-eps-converted-
to.pdf HTL3RLogoRGB.eps>
(epstopdf)             \includegraphics on input line 60.
Package epstopdf Info: Output file is already uptodate.
File: HTL3RLogoRGB-eps-converted-to.pdf Graphic file (type pdf)
<use HTL3RLogoRGB-eps-converted-to.pdf>
Package pdftex.def Info: HTL3RLogoRGB-eps-converted-to.pdf  used on input line 
60.
(pdftex.def)             Requested size: 71.12767pt x 27.17236pt.
 [19]
<threesixfive.png, id=371, 1650.91782pt x 737.00343pt>
File: threesixfive.png Graphic file (type png)
<use threesixfive.png>
Package pdftex.def Info: threesixfive.png  used on input line 67.
(pdftex.def)             Requested size: 435.9293pt x 194.60774pt.
Package epstopdf Info: Source file: <HTL3RLogoRGB.eps>
(epstopdf)                    date: 2018-09-02 16:02:32
(epstopdf)                    size: 525362 bytes
(epstopdf)             Output file: <HTL3RLogoRGB-eps-converted-to.pdf>
(epstopdf)                    date: 2018-12-19 15:03:53
(epstopdf)                    size: 14771 bytes
(epstopdf)             Command: <epstopdf --outfile=HTL3RLogoRGB-eps-converted-
to.pdf HTL3RLogoRGB.eps>
(epstopdf)             \includegraphics on input line 74.
Package epstopdf Info: Output file is already uptodate.
File: HTL3RLogoRGB-eps-converted-to.pdf Graphic file (type pdf)
<use HTL3RLogoRGB-eps-converted-to.pdf>
Package pdftex.def Info: HTL3RLogoRGB-eps-converted-to.pdf  used on input line 
74.
(pdftex.def)             Requested size: 71.12767pt x 27.17236pt.
 [20 <./threesixfive.png>]
Underfull \vbox (badness 1365) has occurred while \output is active []

Package epstopdf Info: Source file: <HTL3RLogoRGB.eps>
(epstopdf)                    date: 2018-09-02 16:02:32
(epstopdf)                    size: 525362 bytes
(epstopdf)             Output file: <HTL3RLogoRGB-eps-converted-to.pdf>
(epstopdf)                    date: 2018-12-19 15:03:53
(epstopdf)                    size: 14771 bytes
(epstopdf)             Command: <epstopdf --outfile=HTL3RLogoRGB-eps-converted-
to.pdf HTL3RLogoRGB.eps>
(epstopdf)             \includegraphics on input line 87.
Package epstopdf Info: Output file is already uptodate.
File: HTL3RLogoRGB-eps-converted-to.pdf Graphic file (type pdf)
<use HTL3RLogoRGB-eps-converted-to.pdf>
Package pdftex.def Info: HTL3RLogoRGB-eps-converted-to.pdf  used on input line 
87.
(pdftex.def)             Requested size: 71.12767pt x 27.17236pt.
 [21])
Package epstopdf Info: Source file: <HTL3RLogoRGB.eps>
(epstopdf)                    date: 2018-09-02 16:02:32
(epstopdf)                    size: 525362 bytes
(epstopdf)             Output file: <HTL3RLogoRGB-eps-converted-to.pdf>
(epstopdf)                    date: 2018-12-19 15:03:53
(epstopdf)                    size: 14771 bytes
(epstopdf)             Command: <epstopdf --outfile=HTL3RLogoRGB-eps-converted-
to.pdf HTL3RLogoRGB.eps>
(epstopdf)             \includegraphics on input line 299.
Package epstopdf Info: Output file is already uptodate.
File: HTL3RLogoRGB-eps-converted-to.pdf Graphic file (type pdf)
<use HTL3RLogoRGB-eps-converted-to.pdf>
Package pdftex.def Info: HTL3RLogoRGB-eps-converted-to.pdf  used on input line 
299.
(pdftex.def)             Requested size: 71.12767pt x 27.17236pt.

[22]
chapter 7.
Package epstopdf Info: Source file: <HTL3RLogoRGB.eps>
(epstopdf)                    date: 2018-09-02 16:02:32
(epstopdf)                    size: 525362 bytes
(epstopdf)             Output file: <HTL3RLogoRGB-eps-converted-to.pdf>
(epstopdf)                    date: 2018-12-19 15:03:53
(epstopdf)                    size: 14771 bytes
(epstopdf)             Command: <epstopdf --outfile=HTL3RLogoRGB-eps-converted-
to.pdf HTL3RLogoRGB.eps>
(epstopdf)             \includegraphics on input line 303.
Package epstopdf Info: Output file is already uptodate.
File: HTL3RLogoRGB-eps-converted-to.pdf Graphic file (type pdf)
<use HTL3RLogoRGB-eps-converted-to.pdf>
Package pdftex.def Info: HTL3RLogoRGB-eps-converted-to.pdf  used on input line 
303.
(pdftex.def)             Requested size: 71.12767pt x 27.17236pt.
[23


] [24


]
chapter 8.
(text/latexskupa.tex

Package hyperref Warning: Token not allowed in a PDF string (Unicode):
(hyperref)                removing `\begingroup' on input line 1.


Package hyperref Warning: Token not allowed in a PDF string (Unicode):
(hyperref)                removing `\<let>-command' on input line 1.


Package hyperref Warning: Token not allowed in a PDF string (Unicode):
(hyperref)                removing `\NAT@ctype' on input line 1.


Package hyperref Warning: Token not allowed in a PDF string (Unicode):
(hyperref)                removing `\z@' on input line 1.


Package hyperref Warning: Token not allowed in a PDF string (Unicode):
(hyperref)                removing `\let' on input line 1.


Package hyperref Warning: Token not allowed in a PDF string (Unicode):
(hyperref)                removing `\let' on input line 1.


Package hyperref Warning: Token not allowed in a PDF string (Unicode):
(hyperref)                removing `\new@ifnextchar' on input line 1.


Package hyperref Warning: Token not allowed in a PDF string (Unicode):
(hyperref)                removing `\begingroup' on input line 10.


Package hyperref Warning: Token not allowed in a PDF string (Unicode):
(hyperref)                removing `\<let>-command' on input line 10.


Package hyperref Warning: Token not allowed in a PDF string (Unicode):
(hyperref)                removing `\NAT@ctype' on input line 10.


Package hyperref Warning: Token not allowed in a PDF string (Unicode):
(hyperref)                removing `\z@' on input line 10.


Package hyperref Warning: Token not allowed in a PDF string (Unicode):
(hyperref)                removing `\let' on input line 10.


Package hyperref Warning: Token not allowed in a PDF string (Unicode):
(hyperref)                removing `\let' on input line 10.


Package hyperref Warning: Token not allowed in a PDF string (Unicode):
(hyperref)                removing `\new@ifnextchar' on input line 10.

File: threesixfive.png Graphic file (type png)
<use threesixfive.png>
Package pdftex.def Info: threesixfive.png  used on input line 19.
(pdftex.def)             Requested size: 435.9293pt x 194.60774pt.

Overfull \hbox (42.64993pt too wide) in paragraph at lines 18--20
[]\T1/lmr/m/n/12 (-20) BILD [] 
 []

Package epstopdf Info: Source file: <HTL3RLogoRGB.eps>
(epstopdf)                    date: 2018-09-02 16:02:32
(epstopdf)                    size: 525362 bytes
(epstopdf)             Output file: <HTL3RLogoRGB-eps-converted-to.pdf>
(epstopdf)                    date: 2018-12-19 15:03:53
(epstopdf)                    size: 14771 bytes
(epstopdf)             Command: <epstopdf --outfile=HTL3RLogoRGB-eps-converted-
to.pdf HTL3RLogoRGB.eps>
(epstopdf)             \includegraphics on input line 22.
Package epstopdf Info: Output file is already uptodate.
File: HTL3RLogoRGB-eps-converted-to.pdf Graphic file (type pdf)
<use HTL3RLogoRGB-eps-converted-to.pdf>
Package pdftex.def Info: HTL3RLogoRGB-eps-converted-to.pdf  used on input line 
22.
(pdftex.def)             Requested size: 71.12767pt x 27.17236pt.
[25]

Package hyperref Warning: Token not allowed in a PDF string (Unicode):
(hyperref)                removing `\begingroup' on input line 22.


Package hyperref Warning: Token not allowed in a PDF string (Unicode):
(hyperref)                removing `\<let>-command' on input line 22.


Package hyperref Warning: Token not allowed in a PDF string (Unicode):
(hyperref)                removing `\NAT@ctype' on input line 22.


Package hyperref Warning: Token not allowed in a PDF string (Unicode):
(hyperref)                removing `\z@' on input line 22.


Package hyperref Warning: Token not allowed in a PDF string (Unicode):
(hyperref)                removing `\let' on input line 22.


Package hyperref Warning: Token not allowed in a PDF string (Unicode):
(hyperref)                removing `\let' on input line 22.


Package hyperref Warning: Token not allowed in a PDF string (Unicode):
(hyperref)                removing `\new@ifnextchar' on input line 22.

Package epstopdf Info: Source file: <HTL3RLogoRGB.eps>
(epstopdf)                    date: 2018-09-02 16:02:32
(epstopdf)                    size: 525362 bytes
(epstopdf)             Output file: <HTL3RLogoRGB-eps-converted-to.pdf>
(epstopdf)                    date: 2018-12-19 15:03:53
(epstopdf)                    size: 14771 bytes
(epstopdf)             Command: <epstopdf --outfile=HTL3RLogoRGB-eps-converted-
to.pdf HTL3RLogoRGB.eps>
(epstopdf)             \includegraphics on input line 34.
Package epstopdf Info: Output file is already uptodate.
File: HTL3RLogoRGB-eps-converted-to.pdf Graphic file (type pdf)
<use HTL3RLogoRGB-eps-converted-to.pdf>
Package pdftex.def Info: HTL3RLogoRGB-eps-converted-to.pdf  used on input line 
34.
(pdftex.def)             Requested size: 71.12767pt x 27.17236pt.
[26]

LaTeX Warning: No positions in optional float specifier.
               Default added (so using `tbp') on input line 35.


Package natbib Warning: Citation `AngularFrontend' on page 27 undefined on inpu
t line 47.


Package hyperref Warning: Token not allowed in a PDF string (Unicode):
(hyperref)                removing `\begingroup' on input line 47.


Package hyperref Warning: Token not allowed in a PDF string (Unicode):
(hyperref)                removing `\<let>-command' on input line 47.


Package hyperref Warning: Token not allowed in a PDF string (Unicode):
(hyperref)                removing `\NAT@ctype' on input line 47.


Package hyperref Warning: Token not allowed in a PDF string (Unicode):
(hyperref)                removing `\z@' on input line 47.


Package hyperref Warning: Token not allowed in a PDF string (Unicode):
(hyperref)                removing `\let' on input line 47.


Package hyperref Warning: Token not allowed in a PDF string (Unicode):
(hyperref)                removing `\let' on input line 47.


Package hyperref Warning: Token not allowed in a PDF string (Unicode):
(hyperref)                removing `\new@ifnextchar' on input line 47.


Underfull \hbox (badness 2134) in paragraph at lines 56--57
[]\T1/lmr/m/n/12 (+20) ViewModel/Component je-de Kom-po-nen-te de-fi-niert ei
-ne Klas-se, wel-che die
 []


Package natbib Warning: Citation `AngularFrontend' on page 27 undefined on inpu
t line 58.

Package epstopdf Info: Source file: <HTL3RLogoRGB.eps>
(epstopdf)                    date: 2018-09-02 16:02:32
(epstopdf)                    size: 525362 bytes
(epstopdf)             Output file: <HTL3RLogoRGB-eps-converted-to.pdf>
(epstopdf)                    date: 2018-12-19 15:03:53
(epstopdf)                    size: 14771 bytes
(epstopdf)             Command: <epstopdf --outfile=HTL3RLogoRGB-eps-converted-
to.pdf HTL3RLogoRGB.eps>
(epstopdf)             \includegraphics on input line 58.
Package epstopdf Info: Output file is already uptodate.
File: HTL3RLogoRGB-eps-converted-to.pdf Graphic file (type pdf)
<use HTL3RLogoRGB-eps-converted-to.pdf>
Package pdftex.def Info: HTL3RLogoRGB-eps-converted-to.pdf  used on input line 
58.
(pdftex.def)             Requested size: 71.12767pt x 27.17236pt.
[27]) (diplomarbeit.bbl
Package epstopdf Info: Source file: <HTL3RLogoRGB.eps>
(epstopdf)                    date: 2018-09-02 16:02:32
(epstopdf)                    size: 525362 bytes
(epstopdf)             Output file: <HTL3RLogoRGB-eps-converted-to.pdf>
(epstopdf)                    date: 2018-12-19 15:03:53
(epstopdf)                    size: 14771 bytes
(epstopdf)             Command: <epstopdf --outfile=HTL3RLogoRGB-eps-converted-
to.pdf HTL3RLogoRGB.eps>
(epstopdf)             \includegraphics on input line 1.
Package epstopdf Info: Output file is already uptodate.
File: HTL3RLogoRGB-eps-converted-to.pdf Graphic file (type pdf)
<use HTL3RLogoRGB-eps-converted-to.pdf>
Package pdftex.def Info: HTL3RLogoRGB-eps-converted-to.pdf  used on input line 
1.
(pdftex.def)             Requested size: 71.12767pt x 27.17236pt.
 [28]
chapter without number
Package epstopdf Info: Source file: <HTL3RLogoRGB.eps>
(epstopdf)                    date: 2018-09-02 16:02:32
(epstopdf)                    size: 525362 bytes
(epstopdf)             Output file: <HTL3RLogoRGB-eps-converted-to.pdf>
(epstopdf)                    date: 2018-12-19 15:03:53
(epstopdf)                    size: 14771 bytes
(epstopdf)             Command: <epstopdf --outfile=HTL3RLogoRGB-eps-converted-
to.pdf HTL3RLogoRGB.eps>
(epstopdf)             \includegraphics on input line 71.
Package epstopdf Info: Output file is already uptodate.
File: HTL3RLogoRGB-eps-converted-to.pdf Graphic file (type pdf)
<use HTL3RLogoRGB-eps-converted-to.pdf>
Package pdftex.def Info: HTL3RLogoRGB-eps-converted-to.pdf  used on input line 
71.
(pdftex.def)             Requested size: 71.12767pt x 27.17236pt.
[29


])
Package epstopdf Info: Source file: <HTL3RLogoRGB.eps>
(epstopdf)                    date: 2018-09-02 16:02:32
(epstopdf)                    size: 525362 bytes
(epstopdf)             Output file: <HTL3RLogoRGB-eps-converted-to.pdf>
(epstopdf)                    date: 2018-12-19 15:03:53
(epstopdf)                    size: 14771 bytes
(epstopdf)             Command: <epstopdf --outfile=HTL3RLogoRGB-eps-converted-
to.pdf HTL3RLogoRGB.eps>
(epstopdf)             \includegraphics on input line 317.
Package epstopdf Info: Output file is already uptodate.
File: HTL3RLogoRGB-eps-converted-to.pdf Graphic file (type pdf)
<use HTL3RLogoRGB-eps-converted-to.pdf>
Package pdftex.def Info: HTL3RLogoRGB-eps-converted-to.pdf  used on input line 
317.
(pdftex.def)             Requested size: 71.12767pt x 27.17236pt.
 [30]
Package hyperref Info: bookmark level for unknown todo defaults to 0 on input l
ine 338.
 
AED: lastpage setting LastPage
Package epstopdf Info: Source file: <HTL3RLogoRGB.eps>
(epstopdf)                    date: 2018-09-02 16:02:32
(epstopdf)                    size: 525362 bytes
(epstopdf)             Output file: <HTL3RLogoRGB-eps-converted-to.pdf>
(epstopdf)                    date: 2018-12-19 15:03:53
(epstopdf)                    size: 14771 bytes
(epstopdf)             Command: <epstopdf --outfile=HTL3RLogoRGB-eps-converted-
to.pdf HTL3RLogoRGB.eps>
(epstopdf)             \includegraphics on input line 340.
Package epstopdf Info: Output file is already uptodate.
File: HTL3RLogoRGB-eps-converted-to.pdf Graphic file (type pdf)
<use HTL3RLogoRGB-eps-converted-to.pdf>
Package pdftex.def Info: HTL3RLogoRGB-eps-converted-to.pdf  used on input line 
340.
(pdftex.def)             Requested size: 71.12767pt x 27.17236pt.
[31


]

Package natbib Warning: There were undefined citations.

No complaints by nag.
Package atveryend Info: Empty hook `BeforeClearDocument' on input line 340.
Package atveryend Info: Empty hook `AfterLastShipout' on input line 340.
(diplomarbeit.aux)
Package atveryend Info: Executing hook `AtVeryEndDocument' on input line 340.
Package atveryend Info: Executing hook `AtEndAfterFileList' on input line 340.
Package rerunfilecheck Info: File `diplomarbeit.out' has not changed.
(rerunfilecheck)             Checksum: 496ED5B5C24097AD145B66F290CADDDB;4583.
 ) 
Here is how much of TeX's memory you used:
 42834 strings out of 492970
 831521 string characters out of 3126593
 1033121 words of memory out of 3000000
 45843 multiletter control sequences out of 15000+200000
 633283 words of font info for 136 fonts, out of 3000000 for 9000
 1141 hyphenation exceptions out of 8191
 73i,24n,101p,9093b,979s stack positions out of 5000i,500n,10000p,200000b,50000s
{C:/Users/marin/AppData/Local/Programs/MiKTeX 2.9/fonts/enc/dvips/lm/lm-mathi
t.enc}{C:/Users/marin/AppData/Local/Programs/MiKTeX 2.9/fonts/enc/dvips/lm/lm-r
m.enc}{C:/Users/marin/AppData/Local/Programs/MiKTeX 2.9/fonts/enc/dvips/lm/lm-e
c.enc}{C:/Users/marin/AppData/Local/Programs/MiKTeX 2.9/fonts/enc/dvips/lm/lm-m
athsy.enc}<C:/Users/marin/AppData/Local/Programs/MiKTeX 2.9/fonts/type1/public/
lm/lmbx10.pfb><C:/Users/marin/AppData/Local/Programs/MiKTeX 2.9/fonts/type1/pub
lic/lm/lmbx12.pfb><C:/Users/marin/AppData/Local/Programs/MiKTeX 2.9/fonts/type1
/public/lm/lmcsc10.pfb><C:/Users/marin/AppData/Local/Programs/MiKTeX 2.9/fonts/
type1/public/lm/lmmi10.pfb><C:/Users/marin/AppData/Local/Programs/MiKTeX 2.9/fo
nts/type1/public/lm/lmr10.pfb><C:/Users/marin/AppData/Local/Programs/MiKTeX 2.9
/fonts/type1/public/lm/lmr12.pfb><C:/Users/marin/AppData/Local/Programs/MiKTeX 
2.9/fonts/type1/public/lm/lmr17.pfb><C:/Users/marin/AppData/Local/Programs/MiKT
eX 2.9/fonts/type1/public/lm/lmri12.pfb><C:/Users/marin/AppData/Local/Programs/
MiKTeX 2.9/fonts/type1/public/lm/lmssbx10.pfb><C:/Users/marin/AppData/Local/Pro
grams/MiKTeX 2.9/fonts/type1/public/lm/lmsy10.pfb><C:/Users/marin/AppData/Local
/Programs/MiKTeX 2.9/fonts/type1/public/lm/lmtt12.pfb>
Output written on diplomarbeit.pdf (43 pages, 571764 bytes).
PDF statistics:
 546 PDF objects out of 1000 (max. 8388607)
 118 named destinations out of 1000 (max. 500000)
 20831 words of extra memory for PDF output out of 24883 (max. 10000000)

